{"/Users/behzad/Documents/Repos/reputo/apps/api/vitest.config.e2e.ts": {"path":"/Users/behzad/Documents/Repos/reputo/apps/api/vitest.config.e2e.ts","all":true,"statementMap":{"0":{"start":{"line":1,"column":0},"end":{"line":1,"column":57}},"1":{"start":{"line":2,"column":0},"end":{"line":2,"column":46}},"3":{"start":{"line":4,"column":0},"end":{"line":4,"column":27}},"4":{"start":{"line":5,"column":0},"end":{"line":5,"column":17}},"5":{"start":{"line":6,"column":0},"end":{"line":6,"column":18}},"6":{"start":{"line":7,"column":0},"end":{"line":7,"column":15}},"7":{"start":{"line":8,"column":0},"end":{"line":8,"column":42}},"8":{"start":{"line":9,"column":0},"end":{"line":9,"column":26}},"9":{"start":{"line":10,"column":0},"end":{"line":10,"column":20}},"10":{"start":{"line":11,"column":0},"end":{"line":11,"column":32}},"11":{"start":{"line":12,"column":0},"end":{"line":12,"column":34}},"12":{"start":{"line":13,"column":0},"end":{"line":13,"column":14}},"13":{"start":{"line":14,"column":0},"end":{"line":14,"column":23}},"14":{"start":{"line":15,"column":0},"end":{"line":15,"column":45}},"15":{"start":{"line":16,"column":0},"end":{"line":16,"column":31}},"16":{"start":{"line":17,"column":0},"end":{"line":17,"column":31}},"17":{"start":{"line":18,"column":0},"end":{"line":18,"column":23}},"18":{"start":{"line":19,"column":0},"end":{"line":19,"column":51}},"19":{"start":{"line":20,"column":0},"end":{"line":20,"column":14}},"20":{"start":{"line":21,"column":0},"end":{"line":21,"column":10}},"21":{"start":{"line":22,"column":0},"end":{"line":22,"column":18}},"22":{"start":{"line":23,"column":0},"end":{"line":23,"column":20}},"23":{"start":{"line":24,"column":0},"end":{"line":24,"column":32}},"24":{"start":{"line":25,"column":0},"end":{"line":25,"column":34}},"25":{"start":{"line":26,"column":0},"end":{"line":26,"column":14}},"26":{"start":{"line":27,"column":0},"end":{"line":27,"column":10}},"27":{"start":{"line":28,"column":0},"end":{"line":28,"column":7}}},"s":{"0":0,"1":0,"3":0,"4":0,"5":0,"6":0,"7":0,"8":0,"9":0,"10":0,"11":0,"12":0,"13":0,"14":0,"15":0,"16":0,"17":0,"18":0,"19":0,"20":0,"21":0,"22":0,"23":0,"24":0,"25":0,"26":0,"27":0},"branchMap":{"0":{"type":"branch","line":1,"loc":{"start":{"line":1,"column":740},"end":{"line":29,"column":1}},"locations":[{"start":{"line":1,"column":740},"end":{"line":29,"column":1}}]}},"b":{"0":[0]},"fnMap":{"0":{"name":"(empty-report)","decl":{"start":{"line":1,"column":740},"end":{"line":29,"column":1}},"loc":{"start":{"line":1,"column":740},"end":{"line":29,"column":1}},"line":1}},"f":{"0":0}}
,"/Users/behzad/Documents/Repos/reputo/apps/api/src/app.module.ts": {"path":"/Users/behzad/Documents/Repos/reputo/apps/api/src/app.module.ts","all":true,"statementMap":{"0":{"start":{"line":1,"column":0},"end":{"line":1,"column":40}},"1":{"start":{"line":2,"column":0},"end":{"line":2,"column":61}},"2":{"start":{"line":3,"column":0},"end":{"line":3,"column":50}},"3":{"start":{"line":4,"column":0},"end":{"line":4,"column":43}},"5":{"start":{"line":6,"column":0},"end":{"line":6,"column":83}},"6":{"start":{"line":7,"column":0},"end":{"line":7,"column":65}},"7":{"start":{"line":8,"column":0},"end":{"line":8,"column":50}},"8":{"start":{"line":9,"column":0},"end":{"line":9,"column":60}},"11":{"start":{"line":12,"column":0},"end":{"line":12,"column":12}},"12":{"start":{"line":13,"column":0},"end":{"line":13,"column":26}},"13":{"start":{"line":14,"column":0},"end":{"line":14,"column":26}},"14":{"start":{"line":15,"column":0},"end":{"line":15,"column":47}},"15":{"start":{"line":16,"column":0},"end":{"line":16,"column":21}},"16":{"start":{"line":17,"column":0},"end":{"line":17,"column":7}},"17":{"start":{"line":18,"column":0},"end":{"line":18,"column":31}},"18":{"start":{"line":19,"column":0},"end":{"line":19,"column":30}},"19":{"start":{"line":20,"column":0},"end":{"line":20,"column":30}},"20":{"start":{"line":21,"column":0},"end":{"line":21,"column":29}},"21":{"start":{"line":22,"column":0},"end":{"line":22,"column":7}},"22":{"start":{"line":23,"column":0},"end":{"line":23,"column":33}},"23":{"start":{"line":24,"column":0},"end":{"line":24,"column":30}},"24":{"start":{"line":25,"column":0},"end":{"line":25,"column":30}},"25":{"start":{"line":26,"column":0},"end":{"line":26,"column":54}},"26":{"start":{"line":27,"column":0},"end":{"line":27,"column":54}},"27":{"start":{"line":28,"column":0},"end":{"line":28,"column":9}},"28":{"start":{"line":29,"column":0},"end":{"line":29,"column":7}},"29":{"start":{"line":30,"column":0},"end":{"line":30,"column":26}},"30":{"start":{"line":31,"column":0},"end":{"line":31,"column":19}},"31":{"start":{"line":32,"column":0},"end":{"line":32,"column":4}},"32":{"start":{"line":33,"column":0},"end":{"line":33,"column":18}},"33":{"start":{"line":34,"column":0},"end":{"line":34,"column":16}},"35":{"start":{"line":36,"column":0},"end":{"line":36,"column":25}}},"s":{"0":0,"1":0,"2":0,"3":0,"5":0,"6":0,"7":0,"8":0,"11":0,"12":0,"13":0,"14":0,"15":0,"16":0,"17":0,"18":0,"19":0,"20":0,"21":0,"22":0,"23":0,"24":0,"25":0,"26":0,"27":0,"28":0,"29":0,"30":0,"31":0,"32":0,"33":0,"35":0},"branchMap":{"0":{"type":"branch","line":1,"loc":{"start":{"line":1,"column":1089},"end":{"line":36,"column":25}},"locations":[{"start":{"line":1,"column":1089},"end":{"line":36,"column":25}}]}},"b":{"0":[0]},"fnMap":{"0":{"name":"(empty-report)","decl":{"start":{"line":1,"column":1089},"end":{"line":36,"column":25}},"loc":{"start":{"line":1,"column":1089},"end":{"line":36,"column":25}},"line":1}},"f":{"0":0}}
,"/Users/behzad/Documents/Repos/reputo/apps/api/src/main.ts": {"path":"/Users/behzad/Documents/Repos/reputo/apps/api/src/main.ts","all":true,"statementMap":{"0":{"start":{"line":1,"column":0},"end":{"line":1,"column":64}},"1":{"start":{"line":2,"column":0},"end":{"line":2,"column":47}},"2":{"start":{"line":3,"column":0},"end":{"line":3,"column":43}},"3":{"start":{"line":4,"column":0},"end":{"line":4,"column":28}},"4":{"start":{"line":5,"column":0},"end":{"line":5,"column":61}},"6":{"start":{"line":7,"column":0},"end":{"line":7,"column":41}},"7":{"start":{"line":8,"column":0},"end":{"line":8,"column":38}},"8":{"start":{"line":9,"column":0},"end":{"line":9,"column":77}},"10":{"start":{"line":11,"column":0},"end":{"line":11,"column":28}},"11":{"start":{"line":12,"column":0},"end":{"line":12,"column":72}},"12":{"start":{"line":13,"column":0},"end":{"line":13,"column":20}},"13":{"start":{"line":14,"column":0},"end":{"line":14,"column":33}},"14":{"start":{"line":15,"column":0},"end":{"line":15,"column":58}},"15":{"start":{"line":16,"column":0},"end":{"line":16,"column":50}},"16":{"start":{"line":17,"column":0},"end":{"line":17,"column":21}},"17":{"start":{"line":18,"column":0},"end":{"line":18,"column":24}},"18":{"start":{"line":19,"column":0},"end":{"line":19,"column":22}},"19":{"start":{"line":20,"column":0},"end":{"line":20,"column":33}},"20":{"start":{"line":21,"column":0},"end":{"line":21,"column":22}},"21":{"start":{"line":22,"column":0},"end":{"line":22,"column":7}},"23":{"start":{"line":24,"column":0},"end":{"line":24,"column":20}},"24":{"start":{"line":25,"column":0},"end":{"line":25,"column":19}},"26":{"start":{"line":27,"column":0},"end":{"line":27,"column":47}},"27":{"start":{"line":28,"column":0},"end":{"line":28,"column":45}},"29":{"start":{"line":30,"column":0},"end":{"line":30,"column":24}},"30":{"start":{"line":31,"column":0},"end":{"line":31,"column":29}},"31":{"start":{"line":32,"column":0},"end":{"line":32,"column":24}},"32":{"start":{"line":33,"column":0},"end":{"line":33,"column":20}},"33":{"start":{"line":34,"column":0},"end":{"line":34,"column":5}},"35":{"start":{"line":36,"column":0},"end":{"line":36,"column":32}},"36":{"start":{"line":37,"column":0},"end":{"line":37,"column":35}},"37":{"start":{"line":38,"column":0},"end":{"line":38,"column":73}},"38":{"start":{"line":39,"column":0},"end":{"line":39,"column":5}},"39":{"start":{"line":40,"column":0},"end":{"line":40,"column":1}},"41":{"start":{"line":42,"column":0},"end":{"line":42,"column":12}}},"s":{"0":0,"1":0,"2":0,"3":0,"4":0,"6":0,"7":0,"8":0,"10":0,"11":0,"12":0,"13":0,"14":0,"15":0,"16":0,"17":0,"18":0,"19":0,"20":0,"21":0,"23":0,"24":0,"26":0,"27":0,"29":0,"30":0,"31":0,"32":0,"33":0,"35":0,"36":0,"37":0,"38":0,"39":0,"41":0},"branchMap":{"0":{"type":"branch","line":1,"loc":{"start":{"line":1,"column":0},"end":{"line":42,"column":-648}},"locations":[{"start":{"line":1,"column":0},"end":{"line":42,"column":-648}}]}},"b":{"0":[0]},"fnMap":{"0":{"name":"(empty-report)","decl":{"start":{"line":1,"column":0},"end":{"line":42,"column":-648}},"loc":{"start":{"line":1,"column":0},"end":{"line":42,"column":-648}},"line":1}},"f":{"0":0}}
,"/Users/behzad/Documents/Repos/reputo/apps/api/src/algorithm-preset/algorithm-preset.controller.ts": {"path":"/Users/behzad/Documents/Repos/reputo/apps/api/src/algorithm-preset/algorithm-preset.controller.ts","all":false,"statementMap":{"0":{"start":{"line":1,"column":0},"end":{"line":1,"column":112}},"1":{"start":{"line":2,"column":0},"end":{"line":2,"column":8}},"13":{"start":{"line":14,"column":0},"end":{"line":14,"column":46}},"14":{"start":{"line":15,"column":0},"end":{"line":15,"column":52}},"15":{"start":{"line":16,"column":0},"end":{"line":16,"column":68}},"16":{"start":{"line":17,"column":0},"end":{"line":17,"column":8}},"26":{"start":{"line":27,"column":0},"end":{"line":27,"column":40}},"27":{"start":{"line":28,"column":0},"end":{"line":28,"column":81}},"31":{"start":{"line":32,"column":0},"end":{"line":32,"column":45}},"32":{"start":{"line":33,"column":0},"end":{"line":33,"column":100}},"34":{"start":{"line":35,"column":0},"end":{"line":35,"column":46}},"36":{"start":{"line":37,"column":0},"end":{"line":37,"column":57}},"37":{"start":{"line":38,"column":0},"end":{"line":38,"column":29}},"40":{"start":{"line":41,"column":0},"end":{"line":41,"column":16}},"41":{"start":{"line":42,"column":0},"end":{"line":42,"column":156}},"43":{"start":{"line":44,"column":0},"end":{"line":44,"column":55}},"44":{"start":{"line":45,"column":0},"end":{"line":45,"column":57}},"45":{"start":{"line":46,"column":0},"end":{"line":46,"column":3}},"49":{"start":{"line":50,"column":0},"end":{"line":50,"column":42}},"50":{"start":{"line":51,"column":0},"end":{"line":51,"column":94}},"53":{"start":{"line":54,"column":0},"end":{"line":54,"column":60}},"54":{"start":{"line":55,"column":0},"end":{"line":55,"column":44}},"56":{"start":{"line":57,"column":0},"end":{"line":57,"column":57}},"57":{"start":{"line":58,"column":0},"end":{"line":58,"column":54}},"58":{"start":{"line":59,"column":0},"end":{"line":59,"column":3}},"62":{"start":{"line":63,"column":0},"end":{"line":63,"column":45}},"63":{"start":{"line":64,"column":0},"end":{"line":64,"column":81}},"66":{"start":{"line":67,"column":0},"end":{"line":67,"column":15}},"67":{"start":{"line":68,"column":0},"end":{"line":68,"column":54}},"68":{"start":{"line":69,"column":0},"end":{"line":69,"column":25}},"71":{"start":{"line":72,"column":0},"end":{"line":72,"column":59}},"72":{"start":{"line":73,"column":0},"end":{"line":73,"column":29}},"75":{"start":{"line":76,"column":0},"end":{"line":76,"column":37}},"78":{"start":{"line":79,"column":0},"end":{"line":79,"column":46}},"80":{"start":{"line":81,"column":0},"end":{"line":81,"column":55}},"81":{"start":{"line":82,"column":0},"end":{"line":82,"column":51}},"82":{"start":{"line":83,"column":0},"end":{"line":83,"column":3}},"86":{"start":{"line":87,"column":0},"end":{"line":87,"column":42}},"87":{"start":{"line":88,"column":0},"end":{"line":88,"column":16}},"88":{"start":{"line":89,"column":0},"end":{"line":89,"column":112}},"91":{"start":{"line":92,"column":0},"end":{"line":92,"column":15}},"92":{"start":{"line":93,"column":0},"end":{"line":93,"column":54}},"93":{"start":{"line":94,"column":0},"end":{"line":94,"column":25}},"95":{"start":{"line":96,"column":0},"end":{"line":96,"column":46}},"97":{"start":{"line":98,"column":0},"end":{"line":98,"column":57}},"98":{"start":{"line":99,"column":0},"end":{"line":99,"column":29}},"101":{"start":{"line":102,"column":0},"end":{"line":102,"column":16}},"102":{"start":{"line":103,"column":0},"end":{"line":103,"column":121}},"105":{"start":{"line":106,"column":0},"end":{"line":106,"column":46}},"107":{"start":{"line":108,"column":0},"end":{"line":108,"column":103}},"108":{"start":{"line":109,"column":0},"end":{"line":109,"column":65}},"109":{"start":{"line":110,"column":0},"end":{"line":110,"column":3}},"112":{"start":{"line":113,"column":0},"end":{"line":113,"column":34}},"114":{"start":{"line":115,"column":0},"end":{"line":115,"column":42}},"115":{"start":{"line":116,"column":0},"end":{"line":116,"column":85}},"118":{"start":{"line":119,"column":0},"end":{"line":119,"column":15}},"119":{"start":{"line":120,"column":0},"end":{"line":120,"column":54}},"120":{"start":{"line":121,"column":0},"end":{"line":121,"column":25}},"123":{"start":{"line":124,"column":0},"end":{"line":124,"column":57}},"126":{"start":{"line":127,"column":0},"end":{"line":127,"column":37}},"129":{"start":{"line":130,"column":0},"end":{"line":130,"column":46}},"131":{"start":{"line":132,"column":0},"end":{"line":132,"column":58}},"132":{"start":{"line":133,"column":0},"end":{"line":133,"column":54}},"133":{"start":{"line":134,"column":0},"end":{"line":134,"column":3}},"134":{"start":{"line":135,"column":0},"end":{"line":135,"column":1}}},"s":{"0":1,"1":1,"13":1,"14":1,"15":1,"16":1,"26":1,"27":9,"31":9,"32":9,"34":9,"36":9,"37":9,"40":9,"41":9,"43":9,"44":2,"45":2,"49":9,"50":9,"53":9,"54":9,"56":9,"57":7,"58":7,"62":9,"63":9,"66":9,"67":9,"68":9,"71":9,"72":9,"75":9,"78":9,"80":9,"81":3,"82":3,"86":9,"87":9,"88":9,"91":9,"92":9,"93":9,"95":9,"97":9,"98":9,"101":9,"102":9,"105":9,"107":9,"108":2,"109":2,"112":9,"114":9,"115":9,"118":9,"119":9,"120":9,"123":9,"126":9,"129":9,"131":9,"132":3,"133":3,"134":9},"branchMap":{"0":{"type":"branch","line":27,"loc":{"start":{"line":27,"column":13},"end":{"line":135,"column":1}},"locations":[{"start":{"line":27,"column":13},"end":{"line":135,"column":1}}]},"1":{"type":"branch","line":28,"loc":{"start":{"line":28,"column":2},"end":{"line":28,"column":81}},"locations":[{"start":{"line":28,"column":2},"end":{"line":28,"column":81}}]},"2":{"type":"branch","line":44,"loc":{"start":{"line":44,"column":2},"end":{"line":46,"column":3}},"locations":[{"start":{"line":44,"column":2},"end":{"line":46,"column":3}}]},"3":{"type":"branch","line":57,"loc":{"start":{"line":57,"column":2},"end":{"line":59,"column":3}},"locations":[{"start":{"line":57,"column":2},"end":{"line":59,"column":3}}]},"4":{"type":"branch","line":81,"loc":{"start":{"line":81,"column":2},"end":{"line":83,"column":3}},"locations":[{"start":{"line":81,"column":2},"end":{"line":83,"column":3}}]},"5":{"type":"branch","line":108,"loc":{"start":{"line":108,"column":2},"end":{"line":110,"column":3}},"locations":[{"start":{"line":108,"column":2},"end":{"line":110,"column":3}}]},"6":{"type":"branch","line":132,"loc":{"start":{"line":132,"column":2},"end":{"line":134,"column":3}},"locations":[{"start":{"line":132,"column":2},"end":{"line":134,"column":3}}]}},"b":{"0":[9],"1":[9],"2":[2],"3":[7],"4":[3],"5":[2],"6":[3]},"fnMap":{"0":{"name":"<instance_members_initializer>","decl":{"start":{"line":27,"column":13},"end":{"line":135,"column":1}},"loc":{"start":{"line":27,"column":13},"end":{"line":135,"column":1}},"line":27},"1":{"name":"AlgorithmPresetController","decl":{"start":{"line":28,"column":2},"end":{"line":28,"column":81}},"loc":{"start":{"line":28,"column":2},"end":{"line":28,"column":81}},"line":28},"2":{"name":"create","decl":{"start":{"line":44,"column":2},"end":{"line":46,"column":3}},"loc":{"start":{"line":44,"column":2},"end":{"line":46,"column":3}},"line":44},"3":{"name":"list","decl":{"start":{"line":57,"column":2},"end":{"line":59,"column":3}},"loc":{"start":{"line":57,"column":2},"end":{"line":59,"column":3}},"line":57},"4":{"name":"getById","decl":{"start":{"line":81,"column":2},"end":{"line":83,"column":3}},"loc":{"start":{"line":81,"column":2},"end":{"line":83,"column":3}},"line":81},"5":{"name":"updateById","decl":{"start":{"line":108,"column":2},"end":{"line":110,"column":3}},"loc":{"start":{"line":108,"column":2},"end":{"line":110,"column":3}},"line":108},"6":{"name":"deleteById","decl":{"start":{"line":132,"column":2},"end":{"line":134,"column":3}},"loc":{"start":{"line":132,"column":2},"end":{"line":134,"column":3}},"line":132}},"f":{"0":9,"1":9,"2":2,"3":7,"4":3,"5":2,"6":3}}
,"/Users/behzad/Documents/Repos/reputo/apps/api/src/algorithm-preset/algorithm-preset.module.ts": {"path":"/Users/behzad/Documents/Repos/reputo/apps/api/src/algorithm-preset/algorithm-preset.module.ts","all":false,"statementMap":{"0":{"start":{"line":1,"column":0},"end":{"line":1,"column":40}},"1":{"start":{"line":2,"column":0},"end":{"line":2,"column":50}},"2":{"start":{"line":3,"column":0},"end":{"line":3,"column":70}},"3":{"start":{"line":4,"column":0},"end":{"line":4,"column":74}},"4":{"start":{"line":5,"column":0},"end":{"line":5,"column":74}},"5":{"start":{"line":6,"column":0},"end":{"line":6,"column":68}},"8":{"start":{"line":9,"column":0},"end":{"line":9,"column":12}},"9":{"start":{"line":10,"column":0},"end":{"line":10,"column":31}},"10":{"start":{"line":11,"column":0},"end":{"line":11,"column":7}},"11":{"start":{"line":12,"column":0},"end":{"line":12,"column":43}},"12":{"start":{"line":13,"column":0},"end":{"line":13,"column":38}},"13":{"start":{"line":14,"column":0},"end":{"line":14,"column":8}},"14":{"start":{"line":15,"column":0},"end":{"line":15,"column":7}},"15":{"start":{"line":16,"column":0},"end":{"line":16,"column":4}},"16":{"start":{"line":17,"column":0},"end":{"line":17,"column":43}},"17":{"start":{"line":18,"column":0},"end":{"line":18,"column":65}},"18":{"start":{"line":19,"column":0},"end":{"line":19,"column":63}},"20":{"start":{"line":21,"column":0},"end":{"line":21,"column":37}}},"s":{"0":1,"1":1,"2":1,"3":1,"4":1,"5":1,"8":1,"9":1,"10":1,"11":1,"12":1,"13":1,"14":1,"15":1,"16":1,"17":1,"18":1,"20":1},"branchMap":{},"b":{},"fnMap":{},"f":{}}
,"/Users/behzad/Documents/Repos/reputo/apps/api/src/algorithm-preset/algorithm-preset.repository.ts": {"path":"/Users/behzad/Documents/Repos/reputo/apps/api/src/algorithm-preset/algorithm-preset.repository.ts","all":false,"statementMap":{"0":{"start":{"line":1,"column":0},"end":{"line":1,"column":44}},"1":{"start":{"line":2,"column":0},"end":{"line":2,"column":47}},"9":{"start":{"line":10,"column":0},"end":{"line":10,"column":47}},"14":{"start":{"line":15,"column":0},"end":{"line":15,"column":40}},"15":{"start":{"line":16,"column":0},"end":{"line":16,"column":14}},"16":{"start":{"line":17,"column":0},"end":{"line":17,"column":46}},"17":{"start":{"line":18,"column":0},"end":{"line":18,"column":49}},"18":{"start":{"line":19,"column":0},"end":{"line":19,"column":6}},"20":{"start":{"line":21,"column":0},"end":{"line":21,"column":47}},"21":{"start":{"line":22,"column":0},"end":{"line":22,"column":40}},"22":{"start":{"line":23,"column":0},"end":{"line":23,"column":3}},"24":{"start":{"line":25,"column":0},"end":{"line":25,"column":75}},"25":{"start":{"line":26,"column":0},"end":{"line":26,"column":48}},"26":{"start":{"line":27,"column":0},"end":{"line":27,"column":3}},"28":{"start":{"line":29,"column":0},"end":{"line":29,"column":24}},"29":{"start":{"line":30,"column":0},"end":{"line":30,"column":49}},"30":{"start":{"line":31,"column":0},"end":{"line":31,"column":3}},"32":{"start":{"line":33,"column":0},"end":{"line":33,"column":63}},"33":{"start":{"line":34,"column":0},"end":{"line":34,"column":84}},"34":{"start":{"line":35,"column":0},"end":{"line":35,"column":3}},"36":{"start":{"line":37,"column":0},"end":{"line":37,"column":26}},"37":{"start":{"line":38,"column":0},"end":{"line":38,"column":58}},"38":{"start":{"line":39,"column":0},"end":{"line":39,"column":3}},"39":{"start":{"line":40,"column":0},"end":{"line":40,"column":1}}},"s":{"0":1,"1":1,"9":1,"14":1,"15":9,"16":9,"17":9,"18":9,"20":9,"21":2,"22":2,"24":9,"25":9,"26":9,"28":9,"29":5,"30":5,"32":9,"33":2,"34":2,"36":9,"37":3,"38":3,"39":9},"branchMap":{"0":{"type":"branch","line":15,"loc":{"start":{"line":15,"column":13},"end":{"line":40,"column":1}},"locations":[{"start":{"line":15,"column":13},"end":{"line":40,"column":1}}]},"1":{"type":"branch","line":16,"loc":{"start":{"line":16,"column":2},"end":{"line":19,"column":6}},"locations":[{"start":{"line":16,"column":2},"end":{"line":19,"column":6}}]},"2":{"type":"branch","line":21,"loc":{"start":{"line":21,"column":2},"end":{"line":23,"column":3}},"locations":[{"start":{"line":21,"column":2},"end":{"line":23,"column":3}}]},"3":{"type":"branch","line":25,"loc":{"start":{"line":25,"column":2},"end":{"line":27,"column":3}},"locations":[{"start":{"line":25,"column":2},"end":{"line":27,"column":3}}]},"4":{"type":"branch","line":29,"loc":{"start":{"line":29,"column":2},"end":{"line":31,"column":3}},"locations":[{"start":{"line":29,"column":2},"end":{"line":31,"column":3}}]},"5":{"type":"branch","line":33,"loc":{"start":{"line":33,"column":2},"end":{"line":35,"column":3}},"locations":[{"start":{"line":33,"column":2},"end":{"line":35,"column":3}}]},"6":{"type":"branch","line":37,"loc":{"start":{"line":37,"column":2},"end":{"line":39,"column":3}},"locations":[{"start":{"line":37,"column":2},"end":{"line":39,"column":3}}]}},"b":{"0":[9],"1":[9],"2":[2],"3":[9],"4":[5],"5":[2],"6":[3]},"fnMap":{"0":{"name":"<instance_members_initializer>","decl":{"start":{"line":15,"column":13},"end":{"line":40,"column":1}},"loc":{"start":{"line":15,"column":13},"end":{"line":40,"column":1}},"line":15},"1":{"name":"AlgorithmPresetRepository","decl":{"start":{"line":16,"column":2},"end":{"line":19,"column":6}},"loc":{"start":{"line":16,"column":2},"end":{"line":19,"column":6}},"line":16},"2":{"name":"create","decl":{"start":{"line":21,"column":2},"end":{"line":23,"column":3}},"loc":{"start":{"line":21,"column":2},"end":{"line":23,"column":3}},"line":21},"3":{"name":"findAll","decl":{"start":{"line":25,"column":2},"end":{"line":27,"column":3}},"loc":{"start":{"line":25,"column":2},"end":{"line":27,"column":3}},"line":25},"4":{"name":"findById","decl":{"start":{"line":29,"column":2},"end":{"line":31,"column":3}},"loc":{"start":{"line":29,"column":2},"end":{"line":31,"column":3}},"line":29},"5":{"name":"updateById","decl":{"start":{"line":33,"column":2},"end":{"line":35,"column":3}},"loc":{"start":{"line":33,"column":2},"end":{"line":35,"column":3}},"line":33},"6":{"name":"deleteById","decl":{"start":{"line":37,"column":2},"end":{"line":39,"column":3}},"loc":{"start":{"line":37,"column":2},"end":{"line":39,"column":3}},"line":37}},"f":{"0":9,"1":9,"2":2,"3":9,"4":5,"5":2,"6":3}}
,"/Users/behzad/Documents/Repos/reputo/apps/api/src/algorithm-preset/algorithm-preset.service.ts": {"path":"/Users/behzad/Documents/Repos/reputo/apps/api/src/algorithm-preset/algorithm-preset.service.ts","all":false,"statementMap":{"0":{"start":{"line":1,"column":0},"end":{"line":1,"column":44}},"2":{"start":{"line":3,"column":0},"end":{"line":3,"column":47}},"5":{"start":{"line":6,"column":0},"end":{"line":6,"column":58}},"6":{"start":{"line":7,"column":0},"end":{"line":7,"column":39}},"7":{"start":{"line":8,"column":0},"end":{"line":8,"column":74}},"10":{"start":{"line":11,"column":0},"end":{"line":11,"column":37}},"11":{"start":{"line":12,"column":0},"end":{"line":12,"column":72}},"13":{"start":{"line":14,"column":0},"end":{"line":14,"column":47}},"14":{"start":{"line":15,"column":0},"end":{"line":15,"column":45}},"15":{"start":{"line":16,"column":0},"end":{"line":16,"column":3}},"17":{"start":{"line":18,"column":0},"end":{"line":18,"column":48}},"18":{"start":{"line":19,"column":0},"end":{"line":19,"column":84}},"19":{"start":{"line":20,"column":0},"end":{"line":20,"column":72}},"20":{"start":{"line":21,"column":0},"end":{"line":21,"column":60}},"21":{"start":{"line":22,"column":0},"end":{"line":22,"column":3}},"23":{"start":{"line":24,"column":0},"end":{"line":24,"column":29}},"24":{"start":{"line":25,"column":0},"end":{"line":25,"column":63}},"26":{"start":{"line":27,"column":0},"end":{"line":27,"column":27}},"27":{"start":{"line":28,"column":0},"end":{"line":28,"column":59}},"28":{"start":{"line":29,"column":0},"end":{"line":29,"column":5}},"29":{"start":{"line":30,"column":0},"end":{"line":30,"column":27}},"30":{"start":{"line":31,"column":0},"end":{"line":31,"column":3}},"32":{"start":{"line":33,"column":0},"end":{"line":33,"column":69}},"33":{"start":{"line":34,"column":0},"end":{"line":34,"column":83}},"34":{"start":{"line":35,"column":0},"end":{"line":35,"column":34}},"35":{"start":{"line":36,"column":0},"end":{"line":36,"column":59}},"36":{"start":{"line":37,"column":0},"end":{"line":37,"column":5}},"37":{"start":{"line":38,"column":0},"end":{"line":38,"column":34}},"38":{"start":{"line":39,"column":0},"end":{"line":39,"column":3}},"40":{"start":{"line":41,"column":0},"end":{"line":41,"column":32}},"41":{"start":{"line":42,"column":0},"end":{"line":42,"column":56}},"42":{"start":{"line":43,"column":0},"end":{"line":43,"column":18}},"43":{"start":{"line":44,"column":0},"end":{"line":44,"column":59}},"44":{"start":{"line":45,"column":0},"end":{"line":45,"column":5}},"45":{"start":{"line":46,"column":0},"end":{"line":46,"column":3}},"46":{"start":{"line":47,"column":0},"end":{"line":47,"column":1}}},"s":{"0":1,"2":1,"5":1,"6":1,"7":1,"10":1,"11":9,"13":9,"14":2,"15":2,"17":9,"18":7,"19":7,"20":7,"21":7,"23":9,"24":3,"26":3,"27":2,"28":2,"29":1,"30":1,"32":9,"33":2,"34":2,"35":1,"36":1,"37":1,"38":1,"40":9,"41":3,"42":3,"43":1,"44":1,"45":3,"46":9},"branchMap":{"0":{"type":"branch","line":11,"loc":{"start":{"line":11,"column":13},"end":{"line":47,"column":1}},"locations":[{"start":{"line":11,"column":13},"end":{"line":47,"column":1}}]},"1":{"type":"branch","line":12,"loc":{"start":{"line":12,"column":2},"end":{"line":12,"column":72}},"locations":[{"start":{"line":12,"column":2},"end":{"line":12,"column":72}}]},"2":{"type":"branch","line":14,"loc":{"start":{"line":14,"column":2},"end":{"line":16,"column":3}},"locations":[{"start":{"line":14,"column":2},"end":{"line":16,"column":3}}]},"3":{"type":"branch","line":18,"loc":{"start":{"line":18,"column":2},"end":{"line":22,"column":3}},"locations":[{"start":{"line":18,"column":2},"end":{"line":22,"column":3}}]},"4":{"type":"branch","line":24,"loc":{"start":{"line":24,"column":2},"end":{"line":31,"column":3}},"locations":[{"start":{"line":24,"column":2},"end":{"line":31,"column":3}}]},"5":{"type":"branch","line":27,"loc":{"start":{"line":27,"column":26},"end":{"line":31,"column":3}},"locations":[{"start":{"line":27,"column":26},"end":{"line":31,"column":3}}]},"6":{"type":"branch","line":29,"loc":{"start":{"line":29,"column":4},"end":{"line":31,"column":3}},"locations":[{"start":{"line":29,"column":4},"end":{"line":31,"column":3}}]},"7":{"type":"branch","line":33,"loc":{"start":{"line":33,"column":2},"end":{"line":39,"column":3}},"locations":[{"start":{"line":33,"column":2},"end":{"line":39,"column":3}}]},"8":{"type":"branch","line":35,"loc":{"start":{"line":35,"column":33},"end":{"line":39,"column":3}},"locations":[{"start":{"line":35,"column":33},"end":{"line":39,"column":3}}]},"9":{"type":"branch","line":41,"loc":{"start":{"line":41,"column":2},"end":{"line":46,"column":3}},"locations":[{"start":{"line":41,"column":2},"end":{"line":46,"column":3}}]},"10":{"type":"branch","line":43,"loc":{"start":{"line":43,"column":17},"end":{"line":45,"column":5}},"locations":[{"start":{"line":43,"column":17},"end":{"line":45,"column":5}}]}},"b":{"0":[9],"1":[9],"2":[2],"3":[7],"4":[3],"5":[2],"6":[1],"7":[2],"8":[1],"9":[3],"10":[1]},"fnMap":{"0":{"name":"<instance_members_initializer>","decl":{"start":{"line":11,"column":13},"end":{"line":47,"column":1}},"loc":{"start":{"line":11,"column":13},"end":{"line":47,"column":1}},"line":11},"1":{"name":"AlgorithmPresetService","decl":{"start":{"line":12,"column":2},"end":{"line":12,"column":72}},"loc":{"start":{"line":12,"column":2},"end":{"line":12,"column":72}},"line":12},"2":{"name":"create","decl":{"start":{"line":14,"column":2},"end":{"line":16,"column":3}},"loc":{"start":{"line":14,"column":2},"end":{"line":16,"column":3}},"line":14},"3":{"name":"list","decl":{"start":{"line":18,"column":2},"end":{"line":22,"column":3}},"loc":{"start":{"line":18,"column":2},"end":{"line":22,"column":3}},"line":18},"4":{"name":"getById","decl":{"start":{"line":24,"column":2},"end":{"line":31,"column":3}},"loc":{"start":{"line":24,"column":2},"end":{"line":31,"column":3}},"line":24},"5":{"name":"updateById","decl":{"start":{"line":33,"column":2},"end":{"line":39,"column":3}},"loc":{"start":{"line":33,"column":2},"end":{"line":39,"column":3}},"line":33},"6":{"name":"deleteById","decl":{"start":{"line":41,"column":2},"end":{"line":46,"column":3}},"loc":{"start":{"line":41,"column":2},"end":{"line":46,"column":3}},"line":41}},"f":{"0":9,"1":9,"2":2,"3":7,"4":3,"5":2,"6":3}}
,"/Users/behzad/Documents/Repos/reputo/apps/api/src/algorithm-preset/index.ts": {"path":"/Users/behzad/Documents/Repos/reputo/apps/api/src/algorithm-preset/index.ts","all":true,"statementMap":{"0":{"start":{"line":1,"column":0},"end":{"line":1,"column":46}},"1":{"start":{"line":2,"column":0},"end":{"line":2,"column":42}},"2":{"start":{"line":3,"column":0},"end":{"line":3,"column":46}},"3":{"start":{"line":4,"column":0},"end":{"line":4,"column":43}},"4":{"start":{"line":5,"column":0},"end":{"line":5,"column":22}}},"s":{"0":0,"1":0,"2":0,"3":0,"4":0},"branchMap":{"0":{"type":"branch","line":1,"loc":{"start":{"line":1,"column":0},"end":{"line":5,"column":-92}},"locations":[{"start":{"line":1,"column":0},"end":{"line":5,"column":-92}}]}},"b":{"0":[0]},"fnMap":{"0":{"name":"(empty-report)","decl":{"start":{"line":1,"column":0},"end":{"line":5,"column":-92}},"loc":{"start":{"line":1,"column":0},"end":{"line":5,"column":-92}},"line":1}},"f":{"0":0}}
,"/Users/behzad/Documents/Repos/reputo/apps/api/src/algorithm-preset/dto/algorithm-preset.dto.ts": {"path":"/Users/behzad/Documents/Repos/reputo/apps/api/src/algorithm-preset/dto/algorithm-preset.dto.ts","all":false,"statementMap":{"0":{"start":{"line":1,"column":0},"end":{"line":1,"column":46}},"2":{"start":{"line":3,"column":0},"end":{"line":3,"column":31}},"4":{"start":{"line":5,"column":0},"end":{"line":5,"column":38}},"5":{"start":{"line":6,"column":0},"end":{"line":6,"column":21}},"7":{"start":{"line":8,"column":0},"end":{"line":8,"column":14}},"10":{"start":{"line":11,"column":0},"end":{"line":11,"column":53}},"11":{"start":{"line":12,"column":0},"end":{"line":12,"column":33}},"12":{"start":{"line":13,"column":0},"end":{"line":13,"column":20}},"14":{"start":{"line":15,"column":0},"end":{"line":15,"column":18}},"15":{"start":{"line":16,"column":0},"end":{"line":16,"column":1}},"17":{"start":{"line":18,"column":0},"end":{"line":18,"column":33}},"19":{"start":{"line":20,"column":0},"end":{"line":20,"column":37}},"20":{"start":{"line":21,"column":0},"end":{"line":21,"column":25}},"22":{"start":{"line":23,"column":0},"end":{"line":23,"column":14}},"25":{"start":{"line":26,"column":0},"end":{"line":26,"column":47}},"26":{"start":{"line":27,"column":0},"end":{"line":27,"column":33}},"28":{"start":{"line":29,"column":0},"end":{"line":29,"column":14}},"31":{"start":{"line":32,"column":0},"end":{"line":32,"column":37}},"32":{"start":{"line":33,"column":0},"end":{"line":33,"column":21}},"34":{"start":{"line":35,"column":0},"end":{"line":35,"column":18}},"37":{"start":{"line":38,"column":0},"end":{"line":38,"column":45}},"38":{"start":{"line":39,"column":0},"end":{"line":39,"column":36}},"40":{"start":{"line":41,"column":0},"end":{"line":41,"column":36}},"43":{"start":{"line":44,"column":0},"end":{"line":44,"column":58}},"44":{"start":{"line":45,"column":0},"end":{"line":45,"column":36}},"45":{"start":{"line":46,"column":0},"end":{"line":46,"column":20}},"46":{"start":{"line":47,"column":0},"end":{"line":47,"column":17}},"47":{"start":{"line":48,"column":0},"end":{"line":48,"column":19}},"49":{"start":{"line":50,"column":0},"end":{"line":50,"column":16}},"52":{"start":{"line":53,"column":0},"end":{"line":53,"column":65}},"53":{"start":{"line":54,"column":0},"end":{"line":54,"column":33}},"54":{"start":{"line":55,"column":0},"end":{"line":55,"column":20}},"55":{"start":{"line":56,"column":0},"end":{"line":56,"column":18}},"56":{"start":{"line":57,"column":0},"end":{"line":57,"column":19}},"58":{"start":{"line":59,"column":0},"end":{"line":59,"column":23}},"61":{"start":{"line":62,"column":0},"end":{"line":62,"column":38}},"62":{"start":{"line":63,"column":0},"end":{"line":63,"column":40}},"64":{"start":{"line":65,"column":0},"end":{"line":65,"column":18}},"67":{"start":{"line":68,"column":0},"end":{"line":68,"column":41}},"68":{"start":{"line":69,"column":0},"end":{"line":69,"column":40}},"70":{"start":{"line":71,"column":0},"end":{"line":71,"column":18}},"71":{"start":{"line":72,"column":0},"end":{"line":72,"column":1}}},"s":{"0":1,"2":1,"4":0,"5":0,"7":0,"10":0,"11":0,"12":0,"14":0,"15":0,"17":1,"19":0,"20":0,"22":0,"25":0,"26":0,"28":0,"31":0,"32":0,"34":0,"37":0,"38":0,"40":0,"43":0,"44":0,"45":0,"46":0,"47":0,"49":0,"52":0,"53":0,"54":0,"55":0,"56":0,"58":0,"61":0,"62":0,"64":0,"67":0,"68":0,"70":0,"71":0},"branchMap":{"0":{"type":"branch","line":3,"loc":{"start":{"line":3,"column":6},"end":{"line":16,"column":1}},"locations":[{"start":{"line":3,"column":6},"end":{"line":16,"column":1}}]},"1":{"type":"branch","line":18,"loc":{"start":{"line":18,"column":13},"end":{"line":72,"column":1}},"locations":[{"start":{"line":18,"column":13},"end":{"line":72,"column":1}}]}},"b":{"0":[0],"1":[0]},"fnMap":{"0":{"name":"<instance_members_initializer>","decl":{"start":{"line":3,"column":6},"end":{"line":16,"column":1}},"loc":{"start":{"line":3,"column":6},"end":{"line":16,"column":1}},"line":3},"1":{"name":"<instance_members_initializer>","decl":{"start":{"line":18,"column":13},"end":{"line":72,"column":1}},"loc":{"start":{"line":18,"column":13},"end":{"line":72,"column":1}},"line":18}},"f":{"0":0,"1":0}}
,"/Users/behzad/Documents/Repos/reputo/apps/api/src/algorithm-preset/dto/create-algorithm-preset.dto.ts": {"path":"/Users/behzad/Documents/Repos/reputo/apps/api/src/algorithm-preset/dto/create-algorithm-preset.dto.ts","all":false,"statementMap":{"0":{"start":{"line":1,"column":0},"end":{"line":1,"column":46}},"1":{"start":{"line":2,"column":0},"end":{"line":2,"column":41}},"2":{"start":{"line":3,"column":0},"end":{"line":3,"column":114}},"4":{"start":{"line":5,"column":0},"end":{"line":5,"column":31}},"6":{"start":{"line":7,"column":0},"end":{"line":7,"column":29}},"7":{"start":{"line":8,"column":0},"end":{"line":8,"column":21}},"11":{"start":{"line":12,"column":0},"end":{"line":12,"column":14}},"14":{"start":{"line":15,"column":0},"end":{"line":15,"column":31}},"15":{"start":{"line":16,"column":0},"end":{"line":16,"column":33}},"18":{"start":{"line":19,"column":0},"end":{"line":19,"column":17}},"19":{"start":{"line":20,"column":0},"end":{"line":20,"column":1}},"21":{"start":{"line":22,"column":0},"end":{"line":22,"column":39}},"23":{"start":{"line":24,"column":0},"end":{"line":24,"column":47}},"24":{"start":{"line":25,"column":0},"end":{"line":25,"column":33}},"28":{"start":{"line":29,"column":0},"end":{"line":29,"column":14}},"31":{"start":{"line":32,"column":0},"end":{"line":32,"column":37}},"32":{"start":{"line":33,"column":0},"end":{"line":33,"column":21}},"36":{"start":{"line":37,"column":0},"end":{"line":37,"column":18}},"39":{"start":{"line":40,"column":0},"end":{"line":40,"column":70}},"40":{"start":{"line":41,"column":0},"end":{"line":41,"column":36}},"41":{"start":{"line":42,"column":0},"end":{"line":42,"column":60}},"45":{"start":{"line":46,"column":0},"end":{"line":46,"column":33}},"46":{"start":{"line":47,"column":0},"end":{"line":47,"column":38}},"47":{"start":{"line":48,"column":0},"end":{"line":48,"column":36}},"50":{"start":{"line":51,"column":0},"end":{"line":51,"column":77}},"51":{"start":{"line":52,"column":0},"end":{"line":52,"column":36}},"52":{"start":{"line":53,"column":0},"end":{"line":53,"column":20}},"53":{"start":{"line":54,"column":0},"end":{"line":54,"column":17}},"54":{"start":{"line":55,"column":0},"end":{"line":55,"column":19}},"60":{"start":{"line":61,"column":0},"end":{"line":61,"column":16}},"63":{"start":{"line":64,"column":0},"end":{"line":64,"column":84}},"64":{"start":{"line":65,"column":0},"end":{"line":65,"column":33}},"65":{"start":{"line":66,"column":0},"end":{"line":66,"column":20}},"66":{"start":{"line":67,"column":0},"end":{"line":67,"column":18}},"67":{"start":{"line":68,"column":0},"end":{"line":68,"column":19}},"73":{"start":{"line":74,"column":0},"end":{"line":74,"column":23}},"74":{"start":{"line":75,"column":0},"end":{"line":75,"column":1}}},"s":{"0":1,"1":1,"2":1,"4":1,"6":13,"7":13,"11":13,"14":13,"15":13,"18":13,"19":13,"21":1,"23":20,"24":20,"28":20,"31":20,"32":20,"36":20,"39":20,"40":20,"41":20,"45":20,"46":20,"47":20,"50":20,"51":20,"52":20,"53":20,"54":20,"60":20,"63":20,"64":20,"65":20,"66":20,"67":20,"73":20,"74":20},"branchMap":{"0":{"type":"branch","line":5,"loc":{"start":{"line":5,"column":6},"end":{"line":20,"column":1}},"locations":[{"start":{"line":5,"column":6},"end":{"line":20,"column":1}}]},"1":{"type":"branch","line":22,"loc":{"start":{"line":22,"column":13},"end":{"line":75,"column":1}},"locations":[{"start":{"line":22,"column":13},"end":{"line":75,"column":1}}]},"2":{"type":"branch","line":47,"loc":{"start":{"line":47,"column":14},"end":{"line":47,"column":38}},"locations":[{"start":{"line":47,"column":14},"end":{"line":47,"column":38}}]}},"b":{"0":[13],"1":[20],"2":[11]},"fnMap":{"0":{"name":"<instance_members_initializer>","decl":{"start":{"line":5,"column":6},"end":{"line":20,"column":1}},"loc":{"start":{"line":5,"column":6},"end":{"line":20,"column":1}},"line":5},"1":{"name":"<instance_members_initializer>","decl":{"start":{"line":22,"column":13},"end":{"line":75,"column":1}},"loc":{"start":{"line":22,"column":13},"end":{"line":75,"column":1}},"line":22}},"f":{"0":13,"1":20}}
,"/Users/behzad/Documents/Repos/reputo/apps/api/src/algorithm-preset/dto/index.ts": {"path":"/Users/behzad/Documents/Repos/reputo/apps/api/src/algorithm-preset/dto/index.ts","all":false,"statementMap":{"0":{"start":{"line":1,"column":0},"end":{"line":1,"column":39}},"1":{"start":{"line":2,"column":0},"end":{"line":2,"column":46}},"2":{"start":{"line":3,"column":0},"end":{"line":3,"column":51}},"3":{"start":{"line":4,"column":0},"end":{"line":4,"column":46}}},"s":{"0":1,"1":1,"2":1,"3":1},"branchMap":{},"b":{},"fnMap":{},"f":{}}
,"/Users/behzad/Documents/Repos/reputo/apps/api/src/algorithm-preset/dto/list-algorithm-presets-query.dto.ts": {"path":"/Users/behzad/Documents/Repos/reputo/apps/api/src/algorithm-preset/dto/list-algorithm-presets-query.dto.ts","all":false,"statementMap":{"0":{"start":{"line":1,"column":0},"end":{"line":1,"column":54}},"1":{"start":{"line":2,"column":0},"end":{"line":2,"column":55}},"2":{"start":{"line":3,"column":0},"end":{"line":3,"column":54}},"4":{"start":{"line":5,"column":0},"end":{"line":5,"column":70}},"6":{"start":{"line":7,"column":0},"end":{"line":7,"column":43}},"7":{"start":{"line":8,"column":0},"end":{"line":8,"column":33}},"11":{"start":{"line":12,"column":0},"end":{"line":12,"column":15}},"14":{"start":{"line":15,"column":0},"end":{"line":15,"column":47}},"15":{"start":{"line":16,"column":0},"end":{"line":16,"column":21}},"19":{"start":{"line":20,"column":0},"end":{"line":20,"column":19}},"20":{"start":{"line":21,"column":0},"end":{"line":21,"column":1}}},"s":{"0":1,"1":1,"2":1,"4":1,"6":7,"7":7,"11":7,"14":7,"15":7,"19":7,"20":7},"branchMap":{"0":{"type":"branch","line":5,"loc":{"start":{"line":5,"column":50},"end":{"line":21,"column":1}},"locations":[{"start":{"line":5,"column":50},"end":{"line":21,"column":1}}]}},"b":{"0":[7]},"fnMap":{"0":{"name":"<instance_members_initializer>","decl":{"start":{"line":5,"column":50},"end":{"line":21,"column":1}},"loc":{"start":{"line":5,"column":50},"end":{"line":21,"column":1}},"line":5}},"f":{"0":7}}
,"/Users/behzad/Documents/Repos/reputo/apps/api/src/algorithm-preset/dto/update-algorithm-preset.dto.ts": {"path":"/Users/behzad/Documents/Repos/reputo/apps/api/src/algorithm-preset/dto/update-algorithm-preset.dto.ts","all":false,"statementMap":{"0":{"start":{"line":1,"column":0},"end":{"line":1,"column":56}},"1":{"start":{"line":2,"column":0},"end":{"line":2,"column":73}},"3":{"start":{"line":4,"column":0},"end":{"line":4,"column":58}},"4":{"start":{"line":5,"column":0},"end":{"line":5,"column":66}},"5":{"start":{"line":6,"column":0},"end":{"line":6,"column":4}}},"s":{"0":1,"1":1,"3":1,"4":1,"5":1},"branchMap":{},"b":{},"fnMap":{},"f":{}}
,"/Users/behzad/Documents/Repos/reputo/apps/api/src/config/index.ts": {"path":"/Users/behzad/Documents/Repos/reputo/apps/api/src/config/index.ts","all":false,"statementMap":{"0":{"start":{"line":1,"column":0},"end":{"line":1,"column":27}},"1":{"start":{"line":2,"column":0},"end":{"line":2,"column":58}},"2":{"start":{"line":3,"column":0},"end":{"line":3,"column":67}},"3":{"start":{"line":4,"column":0},"end":{"line":4,"column":70}},"5":{"start":{"line":6,"column":0},"end":{"line":6,"column":70}},"7":{"start":{"line":8,"column":0},"end":{"line":8,"column":50}},"8":{"start":{"line":9,"column":0},"end":{"line":9,"column":21}},"9":{"start":{"line":10,"column":0},"end":{"line":10,"column":24}},"10":{"start":{"line":11,"column":0},"end":{"line":11,"column":25}},"11":{"start":{"line":12,"column":0},"end":{"line":12,"column":3}}},"s":{"0":1,"1":1,"2":1,"3":1,"5":1,"7":1,"8":1,"9":1,"10":1,"11":1},"branchMap":{},"b":{},"fnMap":{},"f":{}}
,"/Users/behzad/Documents/Repos/reputo/apps/api/src/docs/index.ts": {"path":"/Users/behzad/Documents/Repos/reputo/apps/api/src/docs/index.ts","all":true,"statementMap":{"1":{"start":{"line":2,"column":0},"end":{"line":2,"column":65}},"2":{"start":{"line":3,"column":0},"end":{"line":3,"column":60}},"4":{"start":{"line":5,"column":0},"end":{"line":5,"column":8}},"11":{"start":{"line":12,"column":0},"end":{"line":12,"column":56}},"12":{"start":{"line":13,"column":0},"end":{"line":13,"column":38}},"13":{"start":{"line":14,"column":0},"end":{"line":14,"column":31}},"14":{"start":{"line":15,"column":0},"end":{"line":15,"column":44}},"15":{"start":{"line":16,"column":0},"end":{"line":16,"column":44}},"16":{"start":{"line":17,"column":0},"end":{"line":17,"column":25}},"17":{"start":{"line":18,"column":0},"end":{"line":18,"column":13}},"19":{"start":{"line":20,"column":0},"end":{"line":20,"column":61}},"21":{"start":{"line":22,"column":0},"end":{"line":22,"column":55}},"23":{"start":{"line":24,"column":0},"end":{"line":24,"column":10}},"24":{"start":{"line":25,"column":0},"end":{"line":25,"column":17}},"25":{"start":{"line":26,"column":0},"end":{"line":26,"column":18}},"26":{"start":{"line":27,"column":0},"end":{"line":27,"column":24}},"27":{"start":{"line":28,"column":0},"end":{"line":28,"column":7}},"29":{"start":{"line":30,"column":0},"end":{"line":30,"column":2}}},"s":{"1":0,"2":0,"4":0,"11":0,"12":0,"13":0,"14":0,"15":0,"16":0,"17":0,"19":0,"21":0,"23":0,"24":0,"25":0,"26":0,"27":0,"29":0},"branchMap":{"0":{"type":"branch","line":1,"loc":{"start":{"line":1,"column":802},"end":{"line":30,"column":2}},"locations":[{"start":{"line":1,"column":802},"end":{"line":30,"column":2}}]}},"b":{"0":[1]},"fnMap":{"0":{"name":"(empty-report)","decl":{"start":{"line":1,"column":802},"end":{"line":30,"column":2}},"loc":{"start":{"line":1,"column":802},"end":{"line":30,"column":2}},"line":1}},"f":{"0":1}}
,"/Users/behzad/Documents/Repos/reputo/apps/api/src/shared/index.ts": {"path":"/Users/behzad/Documents/Repos/reputo/apps/api/src/shared/index.ts","all":true,"statementMap":{"0":{"start":{"line":1,"column":0},"end":{"line":1,"column":46}},"1":{"start":{"line":2,"column":0},"end":{"line":2,"column":22}},"2":{"start":{"line":3,"column":0},"end":{"line":3,"column":29}},"3":{"start":{"line":4,"column":0},"end":{"line":4,"column":48}},"4":{"start":{"line":5,"column":0},"end":{"line":5,"column":24}},"5":{"start":{"line":6,"column":0},"end":{"line":6,"column":24}}},"s":{"0":0,"1":0,"2":0,"3":0,"4":0,"5":0},"branchMap":{"0":{"type":"branch","line":1,"loc":{"start":{"line":1,"column":0},"end":{"line":6,"column":-105}},"locations":[{"start":{"line":1,"column":0},"end":{"line":6,"column":-105}}]}},"b":{"0":[0]},"fnMap":{"0":{"name":"(empty-report)","decl":{"start":{"line":1,"column":0},"end":{"line":6,"column":-105}},"loc":{"start":{"line":1,"column":0},"end":{"line":6,"column":-105}},"line":1}},"f":{"0":0}}
,"/Users/behzad/Documents/Repos/reputo/apps/api/src/shared/constants/swagger.constants.ts": {"path":"/Users/behzad/Documents/Repos/reputo/apps/api/src/shared/constants/swagger.constants.ts","all":true,"statementMap":{"0":{"start":{"line":1,"column":0},"end":{"line":1,"column":43}},"1":{"start":{"line":2,"column":0},"end":{"line":2,"column":45}},"2":{"start":{"line":3,"column":0},"end":{"line":3,"column":78}},"3":{"start":{"line":4,"column":0},"end":{"line":4,"column":49}}},"s":{"0":0,"1":0,"2":0,"3":0},"branchMap":{"0":{"type":"branch","line":1,"loc":{"start":{"line":1,"column":218},"end":{"line":4,"column":49}},"locations":[{"start":{"line":1,"column":218},"end":{"line":4,"column":49}}]}},"b":{"0":[0]},"fnMap":{"0":{"name":"(empty-report)","decl":{"start":{"line":1,"column":218},"end":{"line":4,"column":49}},"loc":{"start":{"line":1,"column":218},"end":{"line":4,"column":49}},"line":1}},"f":{"0":0}}
,"/Users/behzad/Documents/Repos/reputo/apps/api/src/shared/dto/index.ts": {"path":"/Users/behzad/Documents/Repos/reputo/apps/api/src/shared/dto/index.ts","all":false,"statementMap":{"0":{"start":{"line":1,"column":0},"end":{"line":1,"column":33}},"1":{"start":{"line":2,"column":0},"end":{"line":2,"column":39}}},"s":{"0":1,"1":1},"branchMap":{},"b":{},"fnMap":{},"f":{}}
,"/Users/behzad/Documents/Repos/reputo/apps/api/src/shared/dto/pagination-query.dto.ts": {"path":"/Users/behzad/Documents/Repos/reputo/apps/api/src/shared/dto/pagination-query.dto.ts","all":false,"statementMap":{"0":{"start":{"line":1,"column":0},"end":{"line":1,"column":54}},"1":{"start":{"line":2,"column":0},"end":{"line":2,"column":41}},"2":{"start":{"line":3,"column":0},"end":{"line":3,"column":67}},"4":{"start":{"line":5,"column":0},"end":{"line":5,"column":33}},"6":{"start":{"line":7,"column":0},"end":{"line":7,"column":16}},"7":{"start":{"line":8,"column":0},"end":{"line":8,"column":121}},"8":{"start":{"line":9,"column":0},"end":{"line":9,"column":30}},"12":{"start":{"line":13,"column":0},"end":{"line":13,"column":18}},"15":{"start":{"line":16,"column":0},"end":{"line":16,"column":58}},"16":{"start":{"line":17,"column":0},"end":{"line":17,"column":31}},"20":{"start":{"line":21,"column":0},"end":{"line":21,"column":20}},"23":{"start":{"line":24,"column":0},"end":{"line":24,"column":54}},"24":{"start":{"line":25,"column":0},"end":{"line":25,"column":16}},"25":{"start":{"line":26,"column":0},"end":{"line":26,"column":15}},"26":{"start":{"line":27,"column":0},"end":{"line":27,"column":16}},"28":{"start":{"line":29,"column":0},"end":{"line":29,"column":21}},"32":{"start":{"line":33,"column":0},"end":{"line":33,"column":17}},"35":{"start":{"line":36,"column":0},"end":{"line":36,"column":39}},"36":{"start":{"line":37,"column":0},"end":{"line":37,"column":15}},"37":{"start":{"line":38,"column":0},"end":{"line":38,"column":15}},"38":{"start":{"line":39,"column":0},"end":{"line":39,"column":15}},"40":{"start":{"line":41,"column":0},"end":{"line":41,"column":21}},"44":{"start":{"line":45,"column":0},"end":{"line":45,"column":16}},"45":{"start":{"line":46,"column":0},"end":{"line":46,"column":1}}},"s":{"0":1,"1":1,"2":1,"4":1,"6":20,"7":20,"8":20,"12":20,"15":20,"16":20,"20":20,"23":20,"24":20,"25":20,"26":20,"28":20,"32":20,"35":20,"36":20,"37":20,"38":20,"40":20,"44":20,"45":20},"branchMap":{"0":{"type":"branch","line":5,"loc":{"start":{"line":5,"column":13},"end":{"line":46,"column":1}},"locations":[{"start":{"line":5,"column":13},"end":{"line":46,"column":1}}]},"1":{"type":"branch","line":29,"loc":{"start":{"line":29,"column":14},"end":{"line":29,"column":21}},"locations":[{"start":{"line":29,"column":14},"end":{"line":29,"column":21}}]},"2":{"type":"branch","line":41,"loc":{"start":{"line":41,"column":14},"end":{"line":41,"column":21}},"locations":[{"start":{"line":41,"column":14},"end":{"line":41,"column":21}}]}},"b":{"0":[20],"1":[1],"2":[1]},"fnMap":{"0":{"name":"<instance_members_initializer>","decl":{"start":{"line":5,"column":13},"end":{"line":46,"column":1}},"loc":{"start":{"line":5,"column":13},"end":{"line":46,"column":1}},"line":5}},"f":{"0":20}}
,"/Users/behzad/Documents/Repos/reputo/apps/api/src/shared/dto/pagination.dto.ts": {"path":"/Users/behzad/Documents/Repos/reputo/apps/api/src/shared/dto/pagination.dto.ts","all":false,"statementMap":{"0":{"start":{"line":1,"column":0},"end":{"line":1,"column":46}},"2":{"start":{"line":3,"column":0},"end":{"line":3,"column":31}},"4":{"start":{"line":5,"column":0},"end":{"line":5,"column":33}},"5":{"start":{"line":6,"column":0},"end":{"line":6,"column":18}},"7":{"start":{"line":8,"column":0},"end":{"line":8,"column":15}},"10":{"start":{"line":11,"column":0},"end":{"line":11,"column":32}},"11":{"start":{"line":12,"column":0},"end":{"line":12,"column":15}},"13":{"start":{"line":14,"column":0},"end":{"line":14,"column":15}},"16":{"start":{"line":17,"column":0},"end":{"line":17,"column":54}},"17":{"start":{"line":18,"column":0},"end":{"line":18,"column":16}},"19":{"start":{"line":20,"column":0},"end":{"line":20,"column":16}},"22":{"start":{"line":23,"column":0},"end":{"line":23,"column":41}},"23":{"start":{"line":24,"column":0},"end":{"line":24,"column":15}},"25":{"start":{"line":26,"column":0},"end":{"line":26,"column":21}},"28":{"start":{"line":29,"column":0},"end":{"line":29,"column":45}},"29":{"start":{"line":30,"column":0},"end":{"line":30,"column":16}},"31":{"start":{"line":32,"column":0},"end":{"line":32,"column":23}},"32":{"start":{"line":33,"column":0},"end":{"line":33,"column":1}}},"s":{"0":1,"2":1,"4":0,"5":0,"7":0,"10":0,"11":0,"13":0,"16":0,"17":0,"19":0,"22":0,"23":0,"25":0,"28":0,"29":0,"31":0,"32":0},"branchMap":{"0":{"type":"branch","line":3,"loc":{"start":{"line":3,"column":13},"end":{"line":33,"column":1}},"locations":[{"start":{"line":3,"column":13},"end":{"line":33,"column":1}}]}},"b":{"0":[0]},"fnMap":{"0":{"name":"<instance_members_initializer>","decl":{"start":{"line":3,"column":13},"end":{"line":33,"column":1}},"loc":{"start":{"line":3,"column":13},"end":{"line":33,"column":1}},"line":3}},"f":{"0":0}}
,"/Users/behzad/Documents/Repos/reputo/apps/api/src/shared/exceptions/error-helpers.ts": {"path":"/Users/behzad/Documents/Repos/reputo/apps/api/src/shared/exceptions/error-helpers.ts","all":false,"statementMap":{"0":{"start":{"line":1,"column":0},"end":{"line":1,"column":72}},"2":{"start":{"line":3,"column":0},"end":{"line":3,"column":3}},"6":{"start":{"line":7,"column":0},"end":{"line":7,"column":3}},"7":{"start":{"line":8,"column":0},"end":{"line":8,"column":73}},"8":{"start":{"line":9,"column":0},"end":{"line":9,"column":93}},"9":{"start":{"line":10,"column":0},"end":{"line":10,"column":41}},"10":{"start":{"line":11,"column":0},"end":{"line":11,"column":1}},"12":{"start":{"line":13,"column":0},"end":{"line":13,"column":3}},"16":{"start":{"line":17,"column":0},"end":{"line":17,"column":3}},"17":{"start":{"line":18,"column":0},"end":{"line":18,"column":71}},"18":{"start":{"line":19,"column":0},"end":{"line":19,"column":67}},"19":{"start":{"line":20,"column":0},"end":{"line":20,"column":1}}},"s":{"0":1,"2":1,"6":1,"7":1,"8":0,"9":0,"10":0,"12":1,"16":1,"17":1,"18":8,"19":8},"branchMap":{"0":{"type":"branch","line":18,"loc":{"start":{"line":18,"column":7},"end":{"line":20,"column":1}},"locations":[{"start":{"line":18,"column":7},"end":{"line":20,"column":1}}]}},"b":{"0":[8]},"fnMap":{"0":{"name":"throwInvalidIdError","decl":{"start":{"line":8,"column":7},"end":{"line":11,"column":1}},"loc":{"start":{"line":8,"column":7},"end":{"line":11,"column":1}},"line":8},"1":{"name":"throwNotFoundError","decl":{"start":{"line":18,"column":7},"end":{"line":20,"column":1}},"loc":{"start":{"line":18,"column":7},"end":{"line":20,"column":1}},"line":18}},"f":{"0":0,"1":8}}
,"/Users/behzad/Documents/Repos/reputo/apps/api/src/shared/exceptions/index.ts": {"path":"/Users/behzad/Documents/Repos/reputo/apps/api/src/shared/exceptions/index.ts","all":false,"statementMap":{"0":{"start":{"line":1,"column":0},"end":{"line":1,"column":32}},"1":{"start":{"line":2,"column":0},"end":{"line":2,"column":39}}},"s":{"0":1,"1":1},"branchMap":{},"b":{},"fnMap":{},"f":{}}
,"/Users/behzad/Documents/Repos/reputo/apps/api/src/shared/exceptions/invalid-id.exception.ts": {"path":"/Users/behzad/Documents/Repos/reputo/apps/api/src/shared/exceptions/invalid-id.exception.ts","all":false,"statementMap":{"0":{"start":{"line":1,"column":0},"end":{"line":1,"column":53}},"2":{"start":{"line":3,"column":0},"end":{"line":3,"column":3}},"4":{"start":{"line":5,"column":0},"end":{"line":5,"column":3}},"5":{"start":{"line":6,"column":0},"end":{"line":6,"column":61}},"6":{"start":{"line":7,"column":0},"end":{"line":7,"column":28}},"7":{"start":{"line":8,"column":0},"end":{"line":8,"column":74}},"8":{"start":{"line":9,"column":0},"end":{"line":9,"column":19}},"9":{"start":{"line":10,"column":0},"end":{"line":10,"column":3}},"10":{"start":{"line":11,"column":0},"end":{"line":11,"column":1}}},"s":{"0":1,"2":1,"4":1,"5":1,"6":1,"7":0,"8":0,"9":0,"10":1},"branchMap":{},"b":{},"fnMap":{"0":{"name":"InvalidIdException","decl":{"start":{"line":7,"column":2},"end":{"line":10,"column":3}},"loc":{"start":{"line":7,"column":2},"end":{"line":10,"column":3}},"line":7}},"f":{"0":0}}
,"/Users/behzad/Documents/Repos/reputo/apps/api/src/shared/filters/http-exception.filter.ts": {"path":"/Users/behzad/Documents/Repos/reputo/apps/api/src/shared/filters/http-exception.filter.ts","all":true,"statementMap":{"0":{"start":{"line":1,"column":0},"end":{"line":1,"column":106}},"4":{"start":{"line":5,"column":0},"end":{"line":5,"column":61}},"5":{"start":{"line":6,"column":0},"end":{"line":6,"column":65}},"6":{"start":{"line":7,"column":0},"end":{"line":7,"column":86}},"7":{"start":{"line":8,"column":0},"end":{"line":8,"column":37}},"8":{"start":{"line":9,"column":0},"end":{"line":9,"column":70}},"9":{"start":{"line":10,"column":0},"end":{"line":10,"column":41}},"10":{"start":{"line":11,"column":0},"end":{"line":11,"column":27}},"11":{"start":{"line":12,"column":0},"end":{"line":12,"column":38}},"12":{"start":{"line":13,"column":0},"end":{"line":13,"column":7}},"13":{"start":{"line":14,"column":0},"end":{"line":14,"column":5}},"14":{"start":{"line":15,"column":0},"end":{"line":15,"column":21}},"15":{"start":{"line":16,"column":0},"end":{"line":16,"column":3}},"17":{"start":{"line":18,"column":0},"end":{"line":18,"column":80}},"18":{"start":{"line":19,"column":0},"end":{"line":19,"column":34}},"19":{"start":{"line":20,"column":0},"end":{"line":20,"column":74}},"20":{"start":{"line":21,"column":0},"end":{"line":21,"column":40}},"21":{"start":{"line":22,"column":0},"end":{"line":22,"column":27}},"22":{"start":{"line":23,"column":0},"end":{"line":23,"column":38}},"23":{"start":{"line":24,"column":0},"end":{"line":24,"column":7}},"24":{"start":{"line":25,"column":0},"end":{"line":25,"column":5}},"25":{"start":{"line":26,"column":0},"end":{"line":26,"column":21}},"26":{"start":{"line":27,"column":0},"end":{"line":27,"column":3}},"27":{"start":{"line":28,"column":0},"end":{"line":28,"column":50}},"28":{"start":{"line":29,"column":0},"end":{"line":29,"column":36}},"29":{"start":{"line":30,"column":0},"end":{"line":30,"column":49}},"30":{"start":{"line":31,"column":0},"end":{"line":31,"column":46}},"32":{"start":{"line":33,"column":0},"end":{"line":33,"column":113}},"33":{"start":{"line":34,"column":0},"end":{"line":34,"column":107}},"35":{"start":{"line":36,"column":0},"end":{"line":36,"column":23}},"36":{"start":{"line":37,"column":0},"end":{"line":37,"column":74}},"37":{"start":{"line":38,"column":0},"end":{"line":38,"column":96}},"38":{"start":{"line":39,"column":0},"end":{"line":39,"column":71}},"39":{"start":{"line":40,"column":0},"end":{"line":40,"column":13}},"40":{"start":{"line":41,"column":0},"end":{"line":41,"column":24}},"41":{"start":{"line":42,"column":0},"end":{"line":42,"column":16}},"42":{"start":{"line":43,"column":0},"end":{"line":43,"column":31}},"43":{"start":{"line":44,"column":0},"end":{"line":44,"column":25}},"44":{"start":{"line":45,"column":0},"end":{"line":45,"column":55}},"45":{"start":{"line":46,"column":0},"end":{"line":46,"column":46}},"46":{"start":{"line":47,"column":0},"end":{"line":47,"column":31}},"47":{"start":{"line":48,"column":0},"end":{"line":48,"column":29}},"48":{"start":{"line":49,"column":0},"end":{"line":49,"column":8}},"49":{"start":{"line":50,"column":0},"end":{"line":50,"column":7}},"51":{"start":{"line":52,"column":0},"end":{"line":52,"column":34}},"52":{"start":{"line":53,"column":0},"end":{"line":53,"column":25}},"53":{"start":{"line":54,"column":0},"end":{"line":54,"column":42}},"54":{"start":{"line":55,"column":0},"end":{"line":55,"column":24}},"55":{"start":{"line":56,"column":0},"end":{"line":56,"column":23}},"56":{"start":{"line":57,"column":0},"end":{"line":57,"column":7}},"57":{"start":{"line":58,"column":0},"end":{"line":58,"column":3}},"58":{"start":{"line":59,"column":0},"end":{"line":59,"column":1}}},"s":{"0":0,"4":0,"5":0,"6":0,"7":0,"8":0,"9":0,"10":0,"11":0,"12":0,"13":0,"14":0,"15":0,"17":0,"18":0,"19":0,"20":0,"21":0,"22":0,"23":0,"24":0,"25":0,"26":0,"27":0,"28":0,"29":0,"30":0,"32":0,"33":0,"35":0,"36":0,"37":0,"38":0,"39":0,"40":0,"41":0,"42":0,"43":0,"44":0,"45":0,"46":0,"47":0,"48":0,"49":0,"51":0,"52":0,"53":0,"54":0,"55":0,"56":0,"57":0,"58":0},"branchMap":{"0":{"type":"branch","line":1,"loc":{"start":{"line":1,"column":2115},"end":{"line":59,"column":1}},"locations":[{"start":{"line":1,"column":2115},"end":{"line":59,"column":1}}]}},"b":{"0":[0]},"fnMap":{"0":{"name":"(empty-report)","decl":{"start":{"line":1,"column":2115},"end":{"line":59,"column":1}},"loc":{"start":{"line":1,"column":2115},"end":{"line":59,"column":1}},"line":1}},"f":{"0":0}}
,"/Users/behzad/Documents/Repos/reputo/apps/api/src/shared/pipes/index.ts": {"path":"/Users/behzad/Documents/Repos/reputo/apps/api/src/shared/pipes/index.ts","all":false,"statementMap":{"0":{"start":{"line":1,"column":0},"end":{"line":1,"column":38}}},"s":{"0":1},"branchMap":{},"b":{},"fnMap":{},"f":{}}
,"/Users/behzad/Documents/Repos/reputo/apps/api/src/shared/pipes/parse-objectid.pipe.ts": {"path":"/Users/behzad/Documents/Repos/reputo/apps/api/src/shared/pipes/parse-objectid.pipe.ts","all":false,"statementMap":{"0":{"start":{"line":1,"column":0},"end":{"line":1,"column":98}},"1":{"start":{"line":2,"column":0},"end":{"line":2,"column":43}},"16":{"start":{"line":17,"column":0},"end":{"line":17,"column":73}},"17":{"start":{"line":18,"column":0},"end":{"line":18,"column":64}},"18":{"start":{"line":19,"column":0},"end":{"line":19,"column":34}},"19":{"start":{"line":20,"column":0},"end":{"line":20,"column":46}},"20":{"start":{"line":21,"column":0},"end":{"line":21,"column":103}},"21":{"start":{"line":22,"column":0},"end":{"line":22,"column":5}},"22":{"start":{"line":23,"column":0},"end":{"line":23,"column":17}},"23":{"start":{"line":24,"column":0},"end":{"line":24,"column":3}},"24":{"start":{"line":25,"column":0},"end":{"line":25,"column":1}}},"s":{"0":1,"1":1,"16":1,"17":1,"18":26,"19":5,"20":5,"21":5,"22":21,"23":21,"24":1},"branchMap":{"0":{"type":"branch","line":18,"loc":{"start":{"line":18,"column":2},"end":{"line":24,"column":3}},"locations":[{"start":{"line":18,"column":2},"end":{"line":24,"column":3}}]},"1":{"type":"branch","line":19,"loc":{"start":{"line":19,"column":33},"end":{"line":22,"column":5}},"locations":[{"start":{"line":19,"column":33},"end":{"line":22,"column":5}}]},"2":{"type":"branch","line":20,"loc":{"start":{"line":20,"column":37},"end":{"line":20,"column":46}},"locations":[{"start":{"line":20,"column":37},"end":{"line":20,"column":46}}]},"3":{"type":"branch","line":22,"loc":{"start":{"line":22,"column":4},"end":{"line":24,"column":3}},"locations":[{"start":{"line":22,"column":4},"end":{"line":24,"column":3}}]}},"b":{"0":[26],"1":[5],"2":[0],"3":[21]},"fnMap":{"0":{"name":"transform","decl":{"start":{"line":18,"column":2},"end":{"line":24,"column":3}},"loc":{"start":{"line":18,"column":2},"end":{"line":24,"column":3}},"line":18}},"f":{"0":26}}
,"/Users/behzad/Documents/Repos/reputo/apps/api/src/shared/utils/index.ts": {"path":"/Users/behzad/Documents/Repos/reputo/apps/api/src/shared/utils/index.ts","all":false,"statementMap":{"0":{"start":{"line":1,"column":0},"end":{"line":1,"column":28}}},"s":{"0":1},"branchMap":{},"b":{},"fnMap":{},"f":{}}
,"/Users/behzad/Documents/Repos/reputo/apps/api/src/shared/utils/pick.util.ts": {"path":"/Users/behzad/Documents/Repos/reputo/apps/api/src/shared/utils/pick.util.ts","all":false,"statementMap":{"0":{"start":{"line":1,"column":0},"end":{"line":1,"column":111}},"1":{"start":{"line":2,"column":0},"end":{"line":2,"column":21}},"2":{"start":{"line":3,"column":0},"end":{"line":3,"column":22}},"3":{"start":{"line":4,"column":0},"end":{"line":4,"column":65}},"4":{"start":{"line":5,"column":0},"end":{"line":5,"column":34}},"5":{"start":{"line":6,"column":0},"end":{"line":6,"column":7}},"6":{"start":{"line":7,"column":0},"end":{"line":7,"column":20}},"7":{"start":{"line":8,"column":0},"end":{"line":8,"column":6}},"8":{"start":{"line":9,"column":0},"end":{"line":9,"column":30}},"10":{"start":{"line":11,"column":0},"end":{"line":11,"column":1}}},"s":{"0":1,"1":38,"2":38,"3":107,"4":14,"5":14,"6":107,"7":107,"8":38,"10":38},"branchMap":{"0":{"type":"branch","line":1,"loc":{"start":{"line":1,"column":7},"end":{"line":11,"column":1}},"locations":[{"start":{"line":1,"column":7},"end":{"line":11,"column":1}}]},"1":{"type":"branch","line":3,"loc":{"start":{"line":3,"column":4},"end":{"line":8,"column":6}},"locations":[{"start":{"line":3,"column":4},"end":{"line":8,"column":6}}]},"2":{"type":"branch","line":4,"loc":{"start":{"line":4,"column":64},"end":{"line":6,"column":7}},"locations":[{"start":{"line":4,"column":64},"end":{"line":6,"column":7}}]}},"b":{"0":[38],"1":[107],"2":[14]},"fnMap":{"0":{"name":"pick","decl":{"start":{"line":1,"column":7},"end":{"line":11,"column":1}},"loc":{"start":{"line":1,"column":7},"end":{"line":11,"column":1}},"line":1}},"f":{"0":38}}
,"/Users/behzad/Documents/Repos/reputo/apps/api/src/snapshot/index.ts": {"path":"/Users/behzad/Documents/Repos/reputo/apps/api/src/snapshot/index.ts","all":true,"statementMap":{"0":{"start":{"line":1,"column":0},"end":{"line":1,"column":22}},"1":{"start":{"line":2,"column":0},"end":{"line":2,"column":38}},"2":{"start":{"line":3,"column":0},"end":{"line":3,"column":34}},"3":{"start":{"line":4,"column":0},"end":{"line":4,"column":38}},"4":{"start":{"line":5,"column":0},"end":{"line":5,"column":35}}},"s":{"0":0,"1":0,"2":0,"3":0,"4":0},"branchMap":{"0":{"type":"branch","line":1,"loc":{"start":{"line":1,"column":0},"end":{"line":5,"column":-75}},"locations":[{"start":{"line":1,"column":0},"end":{"line":5,"column":-75}}]}},"b":{"0":[0]},"fnMap":{"0":{"name":"(empty-report)","decl":{"start":{"line":1,"column":0},"end":{"line":5,"column":-75}},"loc":{"start":{"line":1,"column":0},"end":{"line":5,"column":-75}},"line":1}},"f":{"0":0}}
,"/Users/behzad/Documents/Repos/reputo/apps/api/src/snapshot/snapshot.controller.ts": {"path":"/Users/behzad/Documents/Repos/reputo/apps/api/src/snapshot/snapshot.controller.ts","all":false,"statementMap":{"0":{"start":{"line":1,"column":0},"end":{"line":1,"column":105}},"1":{"start":{"line":2,"column":0},"end":{"line":2,"column":8}},"13":{"start":{"line":14,"column":0},"end":{"line":14,"column":46}},"14":{"start":{"line":15,"column":0},"end":{"line":15,"column":52}},"15":{"start":{"line":16,"column":0},"end":{"line":16,"column":78}},"16":{"start":{"line":17,"column":0},"end":{"line":17,"column":53}},"21":{"start":{"line":22,"column":0},"end":{"line":22,"column":33}},"22":{"start":{"line":23,"column":0},"end":{"line":23,"column":67}},"26":{"start":{"line":27,"column":0},"end":{"line":27,"column":37}},"27":{"start":{"line":28,"column":0},"end":{"line":28,"column":96}},"29":{"start":{"line":30,"column":0},"end":{"line":30,"column":39}},"31":{"start":{"line":32,"column":0},"end":{"line":32,"column":49}},"32":{"start":{"line":33,"column":0},"end":{"line":33,"column":22}},"35":{"start":{"line":36,"column":0},"end":{"line":36,"column":69}},"37":{"start":{"line":38,"column":0},"end":{"line":38,"column":48}},"38":{"start":{"line":39,"column":0},"end":{"line":39,"column":50}},"39":{"start":{"line":40,"column":0},"end":{"line":40,"column":3}},"43":{"start":{"line":44,"column":0},"end":{"line":44,"column":34}},"44":{"start":{"line":45,"column":0},"end":{"line":45,"column":16}},"45":{"start":{"line":46,"column":0},"end":{"line":46,"column":128}},"48":{"start":{"line":49,"column":0},"end":{"line":49,"column":52}},"49":{"start":{"line":50,"column":0},"end":{"line":50,"column":37}},"52":{"start":{"line":53,"column":0},"end":{"line":53,"column":63}},"54":{"start":{"line":55,"column":0},"end":{"line":55,"column":50}},"55":{"start":{"line":56,"column":0},"end":{"line":56,"column":47}},"56":{"start":{"line":57,"column":0},"end":{"line":57,"column":3}},"60":{"start":{"line":61,"column":0},"end":{"line":61,"column":36}},"61":{"start":{"line":62,"column":0},"end":{"line":62,"column":73}},"64":{"start":{"line":65,"column":0},"end":{"line":65,"column":15}},"65":{"start":{"line":66,"column":0},"end":{"line":66,"column":46}},"66":{"start":{"line":67,"column":0},"end":{"line":67,"column":25}},"69":{"start":{"line":70,"column":0},"end":{"line":70,"column":51}},"70":{"start":{"line":71,"column":0},"end":{"line":71,"column":22}},"73":{"start":{"line":74,"column":0},"end":{"line":74,"column":37}},"76":{"start":{"line":77,"column":0},"end":{"line":77,"column":38}},"78":{"start":{"line":79,"column":0},"end":{"line":79,"column":55}},"79":{"start":{"line":80,"column":0},"end":{"line":80,"column":44}},"80":{"start":{"line":81,"column":0},"end":{"line":81,"column":3}},"83":{"start":{"line":84,"column":0},"end":{"line":84,"column":34}},"85":{"start":{"line":86,"column":0},"end":{"line":86,"column":33}},"86":{"start":{"line":87,"column":0},"end":{"line":87,"column":76}},"89":{"start":{"line":90,"column":0},"end":{"line":90,"column":15}},"90":{"start":{"line":91,"column":0},"end":{"line":91,"column":46}},"91":{"start":{"line":92,"column":0},"end":{"line":92,"column":25}},"94":{"start":{"line":95,"column":0},"end":{"line":95,"column":49}},"97":{"start":{"line":98,"column":0},"end":{"line":98,"column":37}},"100":{"start":{"line":101,"column":0},"end":{"line":101,"column":38}},"102":{"start":{"line":103,"column":0},"end":{"line":103,"column":58}},"103":{"start":{"line":104,"column":0},"end":{"line":104,"column":47}},"104":{"start":{"line":105,"column":0},"end":{"line":105,"column":3}},"105":{"start":{"line":106,"column":0},"end":{"line":106,"column":1}}},"s":{"0":1,"1":1,"13":1,"14":1,"15":1,"16":1,"21":1,"22":9,"26":9,"27":9,"29":9,"31":9,"32":9,"35":9,"37":9,"38":2,"39":2,"43":9,"44":9,"45":9,"48":9,"49":9,"52":9,"54":9,"55":12,"56":12,"60":9,"61":9,"64":9,"65":9,"66":9,"69":9,"70":9,"73":9,"76":9,"78":9,"79":3,"80":3,"83":9,"85":9,"86":9,"89":9,"90":9,"91":9,"94":9,"97":9,"100":9,"102":9,"103":3,"104":3,"105":9},"branchMap":{"0":{"type":"branch","line":22,"loc":{"start":{"line":22,"column":13},"end":{"line":106,"column":1}},"locations":[{"start":{"line":22,"column":13},"end":{"line":106,"column":1}}]},"1":{"type":"branch","line":23,"loc":{"start":{"line":23,"column":2},"end":{"line":23,"column":67}},"locations":[{"start":{"line":23,"column":2},"end":{"line":23,"column":67}}]},"2":{"type":"branch","line":38,"loc":{"start":{"line":38,"column":2},"end":{"line":40,"column":3}},"locations":[{"start":{"line":38,"column":2},"end":{"line":40,"column":3}}]},"3":{"type":"branch","line":55,"loc":{"start":{"line":55,"column":2},"end":{"line":57,"column":3}},"locations":[{"start":{"line":55,"column":2},"end":{"line":57,"column":3}}]},"4":{"type":"branch","line":79,"loc":{"start":{"line":79,"column":2},"end":{"line":81,"column":3}},"locations":[{"start":{"line":79,"column":2},"end":{"line":81,"column":3}}]},"5":{"type":"branch","line":103,"loc":{"start":{"line":103,"column":2},"end":{"line":105,"column":3}},"locations":[{"start":{"line":103,"column":2},"end":{"line":105,"column":3}}]}},"b":{"0":[9],"1":[9],"2":[2],"3":[12],"4":[3],"5":[3]},"fnMap":{"0":{"name":"<instance_members_initializer>","decl":{"start":{"line":22,"column":13},"end":{"line":106,"column":1}},"loc":{"start":{"line":22,"column":13},"end":{"line":106,"column":1}},"line":22},"1":{"name":"SnapshotController","decl":{"start":{"line":23,"column":2},"end":{"line":23,"column":67}},"loc":{"start":{"line":23,"column":2},"end":{"line":23,"column":67}},"line":23},"2":{"name":"create","decl":{"start":{"line":38,"column":2},"end":{"line":40,"column":3}},"loc":{"start":{"line":38,"column":2},"end":{"line":40,"column":3}},"line":38},"3":{"name":"list","decl":{"start":{"line":55,"column":2},"end":{"line":57,"column":3}},"loc":{"start":{"line":55,"column":2},"end":{"line":57,"column":3}},"line":55},"4":{"name":"getById","decl":{"start":{"line":79,"column":2},"end":{"line":81,"column":3}},"loc":{"start":{"line":79,"column":2},"end":{"line":81,"column":3}},"line":79},"5":{"name":"deleteById","decl":{"start":{"line":103,"column":2},"end":{"line":105,"column":3}},"loc":{"start":{"line":103,"column":2},"end":{"line":105,"column":3}},"line":103}},"f":{"0":9,"1":9,"2":2,"3":12,"4":3,"5":3}}
,"/Users/behzad/Documents/Repos/reputo/apps/api/src/snapshot/snapshot.module.ts": {"path":"/Users/behzad/Documents/Repos/reputo/apps/api/src/snapshot/snapshot.module.ts","all":false,"statementMap":{"0":{"start":{"line":1,"column":0},"end":{"line":1,"column":40}},"1":{"start":{"line":2,"column":0},"end":{"line":2,"column":50}},"2":{"start":{"line":3,"column":0},"end":{"line":3,"column":86}},"3":{"start":{"line":4,"column":0},"end":{"line":4,"column":84}},"4":{"start":{"line":5,"column":0},"end":{"line":5,"column":59}},"5":{"start":{"line":6,"column":0},"end":{"line":6,"column":59}},"6":{"start":{"line":7,"column":0},"end":{"line":7,"column":53}},"9":{"start":{"line":10,"column":0},"end":{"line":10,"column":12}},"10":{"start":{"line":11,"column":0},"end":{"line":11,"column":31}},"11":{"start":{"line":12,"column":0},"end":{"line":12,"column":61}},"12":{"start":{"line":13,"column":0},"end":{"line":13,"column":7}},"13":{"start":{"line":14,"column":0},"end":{"line":14,"column":43}},"14":{"start":{"line":15,"column":0},"end":{"line":15,"column":38}},"15":{"start":{"line":16,"column":0},"end":{"line":16,"column":8}},"16":{"start":{"line":17,"column":0},"end":{"line":17,"column":7}},"17":{"start":{"line":18,"column":0},"end":{"line":18,"column":26}},"18":{"start":{"line":19,"column":0},"end":{"line":19,"column":4}},"19":{"start":{"line":20,"column":0},"end":{"line":20,"column":36}},"20":{"start":{"line":21,"column":0},"end":{"line":21,"column":51}},"21":{"start":{"line":22,"column":0},"end":{"line":22,"column":29}},"23":{"start":{"line":24,"column":0},"end":{"line":24,"column":30}}},"s":{"0":1,"1":1,"2":1,"3":1,"4":1,"5":1,"6":1,"9":1,"10":1,"11":1,"12":1,"13":1,"14":1,"15":1,"16":1,"17":1,"18":1,"19":1,"20":1,"21":1,"23":1},"branchMap":{},"b":{},"fnMap":{},"f":{}}
,"/Users/behzad/Documents/Repos/reputo/apps/api/src/snapshot/snapshot.repository.ts": {"path":"/Users/behzad/Documents/Repos/reputo/apps/api/src/snapshot/snapshot.repository.ts","all":false,"statementMap":{"0":{"start":{"line":1,"column":0},"end":{"line":1,"column":44}},"1":{"start":{"line":2,"column":0},"end":{"line":2,"column":47}},"3":{"start":{"line":4,"column":0},"end":{"line":4,"column":47}},"8":{"start":{"line":9,"column":0},"end":{"line":9,"column":33}},"9":{"start":{"line":10,"column":0},"end":{"line":10,"column":14}},"10":{"start":{"line":11,"column":0},"end":{"line":11,"column":38}},"11":{"start":{"line":12,"column":0},"end":{"line":12,"column":42}},"12":{"start":{"line":13,"column":0},"end":{"line":13,"column":6}},"14":{"start":{"line":15,"column":0},"end":{"line":15,"column":40}},"15":{"start":{"line":16,"column":0},"end":{"line":16,"column":40}},"16":{"start":{"line":17,"column":0},"end":{"line":17,"column":3}},"18":{"start":{"line":19,"column":0},"end":{"line":19,"column":68}},"19":{"start":{"line":20,"column":0},"end":{"line":20,"column":48}},"20":{"start":{"line":21,"column":0},"end":{"line":21,"column":3}},"22":{"start":{"line":23,"column":0},"end":{"line":23,"column":24}},"23":{"start":{"line":24,"column":0},"end":{"line":24,"column":49}},"24":{"start":{"line":25,"column":0},"end":{"line":25,"column":3}},"26":{"start":{"line":27,"column":0},"end":{"line":27,"column":26}},"27":{"start":{"line":28,"column":0},"end":{"line":28,"column":58}},"28":{"start":{"line":29,"column":0},"end":{"line":29,"column":3}},"29":{"start":{"line":30,"column":0},"end":{"line":30,"column":1}}},"s":{"0":1,"1":1,"3":1,"8":1,"9":9,"10":9,"11":9,"12":9,"14":9,"15":1,"16":1,"18":9,"19":12,"20":12,"22":9,"23":3,"24":3,"26":9,"27":3,"28":3,"29":9},"branchMap":{"0":{"type":"branch","line":9,"loc":{"start":{"line":9,"column":13},"end":{"line":30,"column":1}},"locations":[{"start":{"line":9,"column":13},"end":{"line":30,"column":1}}]},"1":{"type":"branch","line":10,"loc":{"start":{"line":10,"column":2},"end":{"line":13,"column":6}},"locations":[{"start":{"line":10,"column":2},"end":{"line":13,"column":6}}]},"2":{"type":"branch","line":15,"loc":{"start":{"line":15,"column":2},"end":{"line":17,"column":3}},"locations":[{"start":{"line":15,"column":2},"end":{"line":17,"column":3}}]},"3":{"type":"branch","line":19,"loc":{"start":{"line":19,"column":2},"end":{"line":21,"column":3}},"locations":[{"start":{"line":19,"column":2},"end":{"line":21,"column":3}}]},"4":{"type":"branch","line":23,"loc":{"start":{"line":23,"column":2},"end":{"line":25,"column":3}},"locations":[{"start":{"line":23,"column":2},"end":{"line":25,"column":3}}]},"5":{"type":"branch","line":27,"loc":{"start":{"line":27,"column":2},"end":{"line":29,"column":3}},"locations":[{"start":{"line":27,"column":2},"end":{"line":29,"column":3}}]}},"b":{"0":[9],"1":[9],"2":[1],"3":[12],"4":[3],"5":[3]},"fnMap":{"0":{"name":"<instance_members_initializer>","decl":{"start":{"line":9,"column":13},"end":{"line":30,"column":1}},"loc":{"start":{"line":9,"column":13},"end":{"line":30,"column":1}},"line":9},"1":{"name":"SnapshotRepository","decl":{"start":{"line":10,"column":2},"end":{"line":13,"column":6}},"loc":{"start":{"line":10,"column":2},"end":{"line":13,"column":6}},"line":10},"2":{"name":"create","decl":{"start":{"line":15,"column":2},"end":{"line":17,"column":3}},"loc":{"start":{"line":15,"column":2},"end":{"line":17,"column":3}},"line":15},"3":{"name":"findAll","decl":{"start":{"line":19,"column":2},"end":{"line":21,"column":3}},"loc":{"start":{"line":19,"column":2},"end":{"line":21,"column":3}},"line":19},"4":{"name":"findById","decl":{"start":{"line":23,"column":2},"end":{"line":25,"column":3}},"loc":{"start":{"line":23,"column":2},"end":{"line":25,"column":3}},"line":23},"5":{"name":"deleteById","decl":{"start":{"line":27,"column":2},"end":{"line":29,"column":3}},"loc":{"start":{"line":27,"column":2},"end":{"line":29,"column":3}},"line":27}},"f":{"0":9,"1":9,"2":1,"3":12,"4":3,"5":3}}
,"/Users/behzad/Documents/Repos/reputo/apps/api/src/snapshot/snapshot.service.ts": {"path":"/Users/behzad/Documents/Repos/reputo/apps/api/src/snapshot/snapshot.service.ts","all":false,"statementMap":{"0":{"start":{"line":1,"column":0},"end":{"line":1,"column":44}},"2":{"start":{"line":3,"column":0},"end":{"line":3,"column":47}},"4":{"start":{"line":5,"column":0},"end":{"line":5,"column":92}},"5":{"start":{"line":6,"column":0},"end":{"line":6,"column":58}},"6":{"start":{"line":7,"column":0},"end":{"line":7,"column":39}},"8":{"start":{"line":9,"column":0},"end":{"line":9,"column":59}},"11":{"start":{"line":12,"column":0},"end":{"line":12,"column":30}},"12":{"start":{"line":13,"column":0},"end":{"line":13,"column":14}},"13":{"start":{"line":14,"column":0},"end":{"line":14,"column":52}},"14":{"start":{"line":15,"column":0},"end":{"line":15,"column":74}},"15":{"start":{"line":16,"column":0},"end":{"line":16,"column":6}},"17":{"start":{"line":18,"column":0},"end":{"line":18,"column":46}},"18":{"start":{"line":19,"column":0},"end":{"line":19,"column":101}},"19":{"start":{"line":20,"column":0},"end":{"line":20,"column":27}},"20":{"start":{"line":21,"column":0},"end":{"line":21,"column":74}},"21":{"start":{"line":22,"column":0},"end":{"line":22,"column":5}},"23":{"start":{"line":24,"column":0},"end":{"line":24,"column":45}},"24":{"start":{"line":25,"column":0},"end":{"line":25,"column":3}},"26":{"start":{"line":27,"column":0},"end":{"line":27,"column":47}},"27":{"start":{"line":28,"column":0},"end":{"line":28,"column":88}},"28":{"start":{"line":29,"column":0},"end":{"line":29,"column":84}},"30":{"start":{"line":31,"column":0},"end":{"line":31,"column":43}},"31":{"start":{"line":32,"column":0},"end":{"line":32,"column":69}},"32":{"start":{"line":33,"column":0},"end":{"line":33,"column":65}},"33":{"start":{"line":34,"column":0},"end":{"line":34,"column":77}},"35":{"start":{"line":36,"column":0},"end":{"line":36,"column":100}},"36":{"start":{"line":37,"column":0},"end":{"line":37,"column":16}},"37":{"start":{"line":38,"column":0},"end":{"line":38,"column":20}},"38":{"start":{"line":39,"column":0},"end":{"line":39,"column":9}},"40":{"start":{"line":41,"column":0},"end":{"line":41,"column":104}},"41":{"start":{"line":42,"column":0},"end":{"line":42,"column":59}},"42":{"start":{"line":43,"column":0},"end":{"line":43,"column":5}},"43":{"start":{"line":44,"column":0},"end":{"line":44,"column":60}},"44":{"start":{"line":45,"column":0},"end":{"line":45,"column":3}},"46":{"start":{"line":47,"column":0},"end":{"line":47,"column":29}},"47":{"start":{"line":48,"column":0},"end":{"line":48,"column":56}},"48":{"start":{"line":49,"column":0},"end":{"line":49,"column":20}},"49":{"start":{"line":50,"column":0},"end":{"line":50,"column":51}},"50":{"start":{"line":51,"column":0},"end":{"line":51,"column":5}},"51":{"start":{"line":52,"column":0},"end":{"line":52,"column":20}},"52":{"start":{"line":53,"column":0},"end":{"line":53,"column":3}},"54":{"start":{"line":55,"column":0},"end":{"line":55,"column":32}},"55":{"start":{"line":56,"column":0},"end":{"line":56,"column":56}},"56":{"start":{"line":57,"column":0},"end":{"line":57,"column":18}},"57":{"start":{"line":58,"column":0},"end":{"line":58,"column":51}},"58":{"start":{"line":59,"column":0},"end":{"line":59,"column":5}},"59":{"start":{"line":60,"column":0},"end":{"line":60,"column":3}},"60":{"start":{"line":61,"column":0},"end":{"line":61,"column":1}}},"s":{"0":1,"2":1,"4":1,"5":1,"6":1,"8":1,"11":1,"12":9,"13":9,"14":9,"15":9,"17":9,"18":2,"19":2,"20":1,"21":1,"23":1,"24":1,"26":9,"27":12,"28":12,"30":12,"31":2,"32":2,"33":2,"35":2,"36":2,"37":2,"38":2,"40":2,"41":2,"42":2,"43":12,"44":12,"46":9,"47":3,"48":3,"49":2,"50":2,"51":1,"52":1,"54":9,"55":3,"56":3,"57":1,"58":1,"59":3,"60":9},"branchMap":{"0":{"type":"branch","line":12,"loc":{"start":{"line":12,"column":13},"end":{"line":61,"column":1}},"locations":[{"start":{"line":12,"column":13},"end":{"line":61,"column":1}}]},"1":{"type":"branch","line":13,"loc":{"start":{"line":13,"column":2},"end":{"line":16,"column":6}},"locations":[{"start":{"line":13,"column":2},"end":{"line":16,"column":6}}]},"2":{"type":"branch","line":18,"loc":{"start":{"line":18,"column":2},"end":{"line":25,"column":3}},"locations":[{"start":{"line":18,"column":2},"end":{"line":25,"column":3}}]},"3":{"type":"branch","line":20,"loc":{"start":{"line":20,"column":26},"end":{"line":25,"column":3}},"locations":[{"start":{"line":20,"column":26},"end":{"line":25,"column":3}}]},"4":{"type":"branch","line":27,"loc":{"start":{"line":27,"column":2},"end":{"line":45,"column":3}},"locations":[{"start":{"line":27,"column":2},"end":{"line":45,"column":3}}]},"5":{"type":"branch","line":31,"loc":{"start":{"line":31,"column":20},"end":{"line":31,"column":40}},"locations":[{"start":{"line":31,"column":20},"end":{"line":31,"column":40}}]},"6":{"type":"branch","line":31,"loc":{"start":{"line":31,"column":42},"end":{"line":43,"column":5}},"locations":[{"start":{"line":31,"column":42},"end":{"line":43,"column":5}}]},"7":{"type":"branch","line":33,"loc":{"start":{"line":33,"column":24},"end":{"line":33,"column":65}},"locations":[{"start":{"line":33,"column":24},"end":{"line":33,"column":65}}]},"8":{"type":"branch","line":34,"loc":{"start":{"line":34,"column":28},"end":{"line":34,"column":77}},"locations":[{"start":{"line":34,"column":28},"end":{"line":34,"column":77}}]},"9":{"type":"branch","line":41,"loc":{"start":{"line":41,"column":62},"end":{"line":41,"column":102}},"locations":[{"start":{"line":41,"column":62},"end":{"line":41,"column":102}}]},"10":{"type":"branch","line":47,"loc":{"start":{"line":47,"column":2},"end":{"line":53,"column":3}},"locations":[{"start":{"line":47,"column":2},"end":{"line":53,"column":3}}]},"11":{"type":"branch","line":49,"loc":{"start":{"line":49,"column":19},"end":{"line":53,"column":3}},"locations":[{"start":{"line":49,"column":19},"end":{"line":53,"column":3}}]},"12":{"type":"branch","line":51,"loc":{"start":{"line":51,"column":4},"end":{"line":53,"column":3}},"locations":[{"start":{"line":51,"column":4},"end":{"line":53,"column":3}}]},"13":{"type":"branch","line":55,"loc":{"start":{"line":55,"column":2},"end":{"line":60,"column":3}},"locations":[{"start":{"line":55,"column":2},"end":{"line":60,"column":3}}]},"14":{"type":"branch","line":57,"loc":{"start":{"line":57,"column":17},"end":{"line":59,"column":5}},"locations":[{"start":{"line":57,"column":17},"end":{"line":59,"column":5}}]}},"b":{"0":[9],"1":[9],"2":[2],"3":[1],"4":[12],"5":[11],"6":[2],"7":[1],"8":[1],"9":[2],"10":[3],"11":[2],"12":[1],"13":[3],"14":[1]},"fnMap":{"0":{"name":"<instance_members_initializer>","decl":{"start":{"line":12,"column":13},"end":{"line":61,"column":1}},"loc":{"start":{"line":12,"column":13},"end":{"line":61,"column":1}},"line":12},"1":{"name":"SnapshotService","decl":{"start":{"line":13,"column":2},"end":{"line":16,"column":6}},"loc":{"start":{"line":13,"column":2},"end":{"line":16,"column":6}},"line":13},"2":{"name":"create","decl":{"start":{"line":18,"column":2},"end":{"line":25,"column":3}},"loc":{"start":{"line":18,"column":2},"end":{"line":25,"column":3}},"line":18},"3":{"name":"list","decl":{"start":{"line":27,"column":2},"end":{"line":45,"column":3}},"loc":{"start":{"line":27,"column":2},"end":{"line":45,"column":3}},"line":27},"4":{"name":"getById","decl":{"start":{"line":47,"column":2},"end":{"line":53,"column":3}},"loc":{"start":{"line":47,"column":2},"end":{"line":53,"column":3}},"line":47},"5":{"name":"deleteById","decl":{"start":{"line":55,"column":2},"end":{"line":60,"column":3}},"loc":{"start":{"line":55,"column":2},"end":{"line":60,"column":3}},"line":55}},"f":{"0":9,"1":9,"2":2,"3":12,"4":3,"5":3}}
,"/Users/behzad/Documents/Repos/reputo/apps/api/src/snapshot/dto/create-snapshot.dto.ts": {"path":"/Users/behzad/Documents/Repos/reputo/apps/api/src/snapshot/dto/create-snapshot.dto.ts","all":false,"statementMap":{"0":{"start":{"line":1,"column":0},"end":{"line":1,"column":67}},"1":{"start":{"line":2,"column":0},"end":{"line":2,"column":41}},"2":{"start":{"line":3,"column":0},"end":{"line":3,"column":94}},"4":{"start":{"line":5,"column":0},"end":{"line":5,"column":27}},"6":{"start":{"line":7,"column":0},"end":{"line":7,"column":40}},"7":{"start":{"line":8,"column":0},"end":{"line":8,"column":43}},"11":{"start":{"line":12,"column":0},"end":{"line":12,"column":22}},"14":{"start":{"line":15,"column":0},"end":{"line":15,"column":44}},"15":{"start":{"line":16,"column":0},"end":{"line":16,"column":22}},"19":{"start":{"line":20,"column":0},"end":{"line":20,"column":17}},"22":{"start":{"line":23,"column":0},"end":{"line":23,"column":44}},"23":{"start":{"line":24,"column":0},"end":{"line":24,"column":26}},"27":{"start":{"line":28,"column":0},"end":{"line":28,"column":21}},"28":{"start":{"line":29,"column":0},"end":{"line":29,"column":1}},"30":{"start":{"line":31,"column":0},"end":{"line":31,"column":32}},"32":{"start":{"line":33,"column":0},"end":{"line":33,"column":63}},"33":{"start":{"line":34,"column":0},"end":{"line":34,"column":25}},"37":{"start":{"line":38,"column":0},"end":{"line":38,"column":26}},"40":{"start":{"line":41,"column":0},"end":{"line":41,"column":58}},"41":{"start":{"line":42,"column":0},"end":{"line":42,"column":30}},"44":{"start":{"line":45,"column":0},"end":{"line":45,"column":34}},"46":{"start":{"line":47,"column":0},"end":{"line":47,"column":33}},"49":{"start":{"line":50,"column":0},"end":{"line":50,"column":47}},"50":{"start":{"line":51,"column":0},"end":{"line":51,"column":16}},"53":{"start":{"line":54,"column":0},"end":{"line":54,"column":20}},"54":{"start":{"line":55,"column":0},"end":{"line":55,"column":1}}},"s":{"0":1,"1":1,"2":1,"4":1,"6":0,"7":0,"11":0,"14":0,"15":0,"19":0,"22":0,"23":0,"27":0,"28":0,"30":1,"32":4,"33":4,"37":4,"40":4,"41":4,"44":4,"46":4,"49":4,"50":4,"53":4,"54":4},"branchMap":{"0":{"type":"branch","line":5,"loc":{"start":{"line":5,"column":6},"end":{"line":29,"column":1}},"locations":[{"start":{"line":5,"column":6},"end":{"line":29,"column":1}}]},"1":{"type":"branch","line":31,"loc":{"start":{"line":31,"column":13},"end":{"line":55,"column":1}},"locations":[{"start":{"line":31,"column":13},"end":{"line":55,"column":1}}]}},"b":{"0":[0],"1":[4]},"fnMap":{"0":{"name":"<instance_members_initializer>","decl":{"start":{"line":5,"column":6},"end":{"line":29,"column":1}},"loc":{"start":{"line":5,"column":6},"end":{"line":29,"column":1}},"line":5},"1":{"name":"<instance_members_initializer>","decl":{"start":{"line":31,"column":13},"end":{"line":55,"column":1}},"loc":{"start":{"line":31,"column":13},"end":{"line":55,"column":1}},"line":31}},"f":{"0":0,"1":4}}
,"/Users/behzad/Documents/Repos/reputo/apps/api/src/snapshot/dto/index.ts": {"path":"/Users/behzad/Documents/Repos/reputo/apps/api/src/snapshot/dto/index.ts","all":false,"statementMap":{"0":{"start":{"line":1,"column":0},"end":{"line":1,"column":38}},"1":{"start":{"line":2,"column":0},"end":{"line":2,"column":43}},"2":{"start":{"line":3,"column":0},"end":{"line":3,"column":31}}},"s":{"0":1,"1":1,"2":1},"branchMap":{},"b":{},"fnMap":{},"f":{}}
,"/Users/behzad/Documents/Repos/reputo/apps/api/src/snapshot/dto/list-snapshots-query.dto.ts": {"path":"/Users/behzad/Documents/Repos/reputo/apps/api/src/snapshot/dto/list-snapshots-query.dto.ts","all":false,"statementMap":{"0":{"start":{"line":1,"column":0},"end":{"line":1,"column":54}},"1":{"start":{"line":2,"column":0},"end":{"line":2,"column":67}},"2":{"start":{"line":3,"column":0},"end":{"line":3,"column":74}},"3":{"start":{"line":4,"column":0},"end":{"line":4,"column":54}},"5":{"start":{"line":6,"column":0},"end":{"line":6,"column":63}},"7":{"start":{"line":8,"column":0},"end":{"line":8,"column":46}},"8":{"start":{"line":9,"column":0},"end":{"line":9,"column":26}},"9":{"start":{"line":10,"column":0},"end":{"line":10,"column":25}},"13":{"start":{"line":14,"column":0},"end":{"line":14,"column":26}},"16":{"start":{"line":17,"column":0},"end":{"line":17,"column":48}},"17":{"start":{"line":18,"column":0},"end":{"line":18,"column":25}},"21":{"start":{"line":22,"column":0},"end":{"line":22,"column":27}},"24":{"start":{"line":25,"column":0},"end":{"line":25,"column":43}},"25":{"start":{"line":26,"column":0},"end":{"line":26,"column":33}},"29":{"start":{"line":30,"column":0},"end":{"line":30,"column":15}},"32":{"start":{"line":33,"column":0},"end":{"line":33,"column":47}},"33":{"start":{"line":34,"column":0},"end":{"line":34,"column":21}},"37":{"start":{"line":38,"column":0},"end":{"line":38,"column":19}},"38":{"start":{"line":39,"column":0},"end":{"line":39,"column":1}}},"s":{"0":1,"1":1,"2":1,"3":1,"5":1,"7":13,"8":13,"9":13,"13":13,"16":13,"17":13,"21":13,"24":13,"25":13,"29":13,"32":13,"33":13,"37":13,"38":13},"branchMap":{"0":{"type":"branch","line":6,"loc":{"start":{"line":6,"column":43},"end":{"line":39,"column":1}},"locations":[{"start":{"line":6,"column":43},"end":{"line":39,"column":1}}]}},"b":{"0":[13]},"fnMap":{"0":{"name":"<instance_members_initializer>","decl":{"start":{"line":6,"column":43},"end":{"line":39,"column":1}},"loc":{"start":{"line":6,"column":43},"end":{"line":39,"column":1}},"line":6}},"f":{"0":13}}
,"/Users/behzad/Documents/Repos/reputo/apps/api/src/snapshot/dto/snapshot.dto.ts": {"path":"/Users/behzad/Documents/Repos/reputo/apps/api/src/snapshot/dto/snapshot.dto.ts","all":false,"statementMap":{"0":{"start":{"line":1,"column":0},"end":{"line":1,"column":67}},"1":{"start":{"line":2,"column":0},"end":{"line":2,"column":51}},"3":{"start":{"line":4,"column":0},"end":{"line":4,"column":27}},"5":{"start":{"line":6,"column":0},"end":{"line":6,"column":40}},"6":{"start":{"line":7,"column":0},"end":{"line":7,"column":43}},"8":{"start":{"line":9,"column":0},"end":{"line":9,"column":22}},"11":{"start":{"line":12,"column":0},"end":{"line":12,"column":44}},"12":{"start":{"line":13,"column":0},"end":{"line":13,"column":22}},"14":{"start":{"line":15,"column":0},"end":{"line":15,"column":17}},"17":{"start":{"line":18,"column":0},"end":{"line":18,"column":44}},"18":{"start":{"line":19,"column":0},"end":{"line":19,"column":26}},"20":{"start":{"line":21,"column":0},"end":{"line":21,"column":21}},"21":{"start":{"line":22,"column":0},"end":{"line":22,"column":1}},"23":{"start":{"line":24,"column":0},"end":{"line":24,"column":26}},"25":{"start":{"line":26,"column":0},"end":{"line":26,"column":37}},"26":{"start":{"line":27,"column":0},"end":{"line":27,"column":25}},"28":{"start":{"line":29,"column":0},"end":{"line":29,"column":14}},"31":{"start":{"line":32,"column":0},"end":{"line":32,"column":44}},"32":{"start":{"line":33,"column":0},"end":{"line":33,"column":26}},"33":{"start":{"line":34,"column":0},"end":{"line":34,"column":25}},"35":{"start":{"line":36,"column":0},"end":{"line":36,"column":43}},"38":{"start":{"line":39,"column":0},"end":{"line":39,"column":49}},"39":{"start":{"line":40,"column":0},"end":{"line":40,"column":30}},"41":{"start":{"line":42,"column":0},"end":{"line":42,"column":33}},"44":{"start":{"line":45,"column":0},"end":{"line":45,"column":63}},"45":{"start":{"line":46,"column":0},"end":{"line":46,"column":25}},"47":{"start":{"line":48,"column":0},"end":{"line":48,"column":36}},"50":{"start":{"line":51,"column":0},"end":{"line":51,"column":47}},"51":{"start":{"line":52,"column":0},"end":{"line":52,"column":16}},"53":{"start":{"line":54,"column":0},"end":{"line":54,"column":20}},"56":{"start":{"line":57,"column":0},"end":{"line":57,"column":38}},"57":{"start":{"line":58,"column":0},"end":{"line":58,"column":40}},"59":{"start":{"line":60,"column":0},"end":{"line":60,"column":18}},"62":{"start":{"line":63,"column":0},"end":{"line":63,"column":41}},"63":{"start":{"line":64,"column":0},"end":{"line":64,"column":40}},"65":{"start":{"line":66,"column":0},"end":{"line":66,"column":18}},"66":{"start":{"line":67,"column":0},"end":{"line":67,"column":1}}},"s":{"0":1,"1":1,"3":1,"5":0,"6":0,"8":0,"11":0,"12":0,"14":0,"17":0,"18":0,"20":0,"21":0,"23":1,"25":0,"26":0,"28":0,"31":0,"32":0,"33":0,"35":0,"38":0,"39":0,"41":0,"44":0,"45":0,"47":0,"50":0,"51":0,"53":0,"56":0,"57":0,"59":0,"62":0,"63":0,"65":0,"66":0},"branchMap":{"0":{"type":"branch","line":4,"loc":{"start":{"line":4,"column":6},"end":{"line":22,"column":1}},"locations":[{"start":{"line":4,"column":6},"end":{"line":22,"column":1}}]},"1":{"type":"branch","line":24,"loc":{"start":{"line":24,"column":13},"end":{"line":67,"column":1}},"locations":[{"start":{"line":24,"column":13},"end":{"line":67,"column":1}}]}},"b":{"0":[0],"1":[0]},"fnMap":{"0":{"name":"<instance_members_initializer>","decl":{"start":{"line":4,"column":6},"end":{"line":22,"column":1}},"loc":{"start":{"line":4,"column":6},"end":{"line":22,"column":1}},"line":4},"1":{"name":"<instance_members_initializer>","decl":{"start":{"line":24,"column":13},"end":{"line":67,"column":1}},"loc":{"start":{"line":24,"column":13},"end":{"line":67,"column":1}},"line":24}},"f":{"0":0,"1":0}}
}
