TN:
SF:vitest.config.e2e.ts
FN:1,(empty-report)
FNF:1
FNH:0
FNDA:0,(empty-report)
DA:1,0
DA:2,0
DA:4,0
DA:5,0
DA:6,0
DA:7,0
DA:8,0
DA:9,0
DA:10,0
DA:11,0
DA:12,0
DA:13,0
DA:14,0
DA:15,0
DA:16,0
DA:17,0
DA:18,0
DA:19,0
DA:20,0
DA:21,0
DA:22,0
DA:23,0
DA:24,0
DA:25,0
DA:26,0
DA:27,0
DA:28,0
LF:27
LH:0
BRDA:1,0,0,0
BRF:1
BRH:0
end_of_record
TN:
SF:src/app.module.ts
FN:1,(empty-report)
FNF:1
FNH:0
FNDA:0,(empty-report)
DA:1,0
DA:2,0
DA:3,0
DA:4,0
DA:6,0
DA:7,0
DA:8,0
DA:9,0
DA:12,0
DA:13,0
DA:14,0
DA:15,0
DA:16,0
DA:17,0
DA:18,0
DA:19,0
DA:20,0
DA:21,0
DA:22,0
DA:23,0
DA:24,0
DA:25,0
DA:26,0
DA:27,0
DA:28,0
DA:29,0
DA:30,0
DA:31,0
DA:32,0
DA:33,0
DA:34,0
DA:36,0
LF:32
LH:0
BRDA:1,0,0,0
BRF:1
BRH:0
end_of_record
TN:
SF:src/main.ts
FN:1,(empty-report)
FNF:1
FNH:0
FNDA:0,(empty-report)
DA:1,0
DA:2,0
DA:3,0
DA:4,0
DA:5,0
DA:7,0
DA:8,0
DA:9,0
DA:11,0
DA:12,0
DA:13,0
DA:14,0
DA:15,0
DA:16,0
DA:17,0
DA:18,0
DA:19,0
DA:20,0
DA:21,0
DA:22,0
DA:24,0
DA:25,0
DA:27,0
DA:28,0
DA:30,0
DA:31,0
DA:32,0
DA:33,0
DA:34,0
DA:36,0
DA:37,0
DA:38,0
DA:39,0
DA:40,0
DA:42,0
LF:35
LH:0
BRDA:1,0,0,0
BRF:1
BRH:0
end_of_record
TN:
SF:src/algorithm-preset/algorithm-preset.controller.ts
FN:27,<instance_members_initializer>
FN:28,AlgorithmPresetController
FN:44,create
FN:57,list
FN:81,getById
FN:108,updateById
FN:132,deleteById
FNF:7
FNH:7
FNDA:9,<instance_members_initializer>
FNDA:9,AlgorithmPresetController
FNDA:2,create
FNDA:7,list
FNDA:3,getById
FNDA:2,updateById
FNDA:3,deleteById
DA:1,1
DA:2,1
DA:14,1
DA:15,1
DA:16,1
DA:17,1
DA:27,1
DA:28,9
DA:32,9
DA:33,9
DA:35,9
DA:37,9
DA:38,9
DA:41,9
DA:42,9
DA:44,9
DA:45,2
DA:46,2
DA:50,9
DA:51,9
DA:54,9
DA:55,9
DA:57,9
DA:58,7
DA:59,7
DA:63,9
DA:64,9
DA:67,9
DA:68,9
DA:69,9
DA:72,9
DA:73,9
DA:76,9
DA:79,9
DA:81,9
DA:82,3
DA:83,3
DA:87,9
DA:88,9
DA:89,9
DA:92,9
DA:93,9
DA:94,9
DA:96,9
DA:98,9
DA:99,9
DA:102,9
DA:103,9
DA:106,9
DA:108,9
DA:109,2
DA:110,2
DA:113,9
DA:115,9
DA:116,9
DA:119,9
DA:120,9
DA:121,9
DA:124,9
DA:127,9
DA:130,9
DA:132,9
DA:133,3
DA:134,3
DA:135,9
LF:65
LH:65
BRDA:27,0,0,9
BRDA:28,1,0,9
BRDA:44,2,0,2
BRDA:57,3,0,7
BRDA:81,4,0,3
BRDA:108,5,0,2
BRDA:132,6,0,3
BRF:7
BRH:7
end_of_record
TN:
SF:src/algorithm-preset/algorithm-preset.module.ts
FNF:0
FNH:0
DA:1,1
DA:2,1
DA:3,1
DA:4,1
DA:5,1
DA:6,1
DA:9,1
DA:10,1
DA:11,1
DA:12,1
DA:13,1
DA:14,1
DA:15,1
DA:16,1
DA:17,1
DA:18,1
DA:19,1
DA:21,1
LF:18
LH:18
BRF:0
BRH:0
end_of_record
TN:
SF:src/algorithm-preset/algorithm-preset.repository.ts
FN:15,<instance_members_initializer>
FN:16,AlgorithmPresetRepository
FN:21,create
FN:25,findAll
FN:29,findById
FN:33,updateById
FN:37,deleteById
FNF:7
FNH:7
FNDA:9,<instance_members_initializer>
FNDA:9,AlgorithmPresetRepository
FNDA:2,create
FNDA:9,findAll
FNDA:5,findById
FNDA:2,updateById
FNDA:3,deleteById
DA:1,1
DA:2,1
DA:10,1
DA:15,1
DA:16,9
DA:17,9
DA:18,9
DA:19,9
DA:21,9
DA:22,2
DA:23,2
DA:25,9
DA:26,9
DA:27,9
DA:29,9
DA:30,5
DA:31,5
DA:33,9
DA:34,2
DA:35,2
DA:37,9
DA:38,3
DA:39,3
DA:40,9
LF:24
LH:24
BRDA:15,0,0,9
BRDA:16,1,0,9
BRDA:21,2,0,2
BRDA:25,3,0,9
BRDA:29,4,0,5
BRDA:33,5,0,2
BRDA:37,6,0,3
BRF:7
BRH:7
end_of_record
TN:
SF:src/algorithm-preset/algorithm-preset.service.ts
FN:11,<instance_members_initializer>
FN:12,AlgorithmPresetService
FN:14,create
FN:18,list
FN:24,getById
FN:33,updateById
FN:41,deleteById
FNF:7
FNH:7
FNDA:9,<instance_members_initializer>
FNDA:9,AlgorithmPresetService
FNDA:2,create
FNDA:7,list
FNDA:3,getById
FNDA:2,updateById
FNDA:3,deleteById
DA:1,1
DA:3,1
DA:6,1
DA:7,1
DA:8,1
DA:11,1
DA:12,9
DA:14,9
DA:15,2
DA:16,2
DA:18,9
DA:19,7
DA:20,7
DA:21,7
DA:22,7
DA:24,9
DA:25,3
DA:27,3
DA:28,2
DA:29,2
DA:30,1
DA:31,1
DA:33,9
DA:34,2
DA:35,2
DA:36,1
DA:37,1
DA:38,1
DA:39,1
DA:41,9
DA:42,3
DA:43,3
DA:44,1
DA:45,1
DA:46,3
DA:47,9
LF:36
LH:36
BRDA:11,0,0,9
BRDA:12,1,0,9
BRDA:14,2,0,2
BRDA:18,3,0,7
BRDA:24,4,0,3
BRDA:27,5,0,2
BRDA:29,6,0,1
BRDA:33,7,0,2
BRDA:35,8,0,1
BRDA:41,9,0,3
BRDA:43,10,0,1
BRF:11
BRH:11
end_of_record
TN:
SF:src/algorithm-preset/index.ts
FN:1,(empty-report)
FNF:1
FNH:0
FNDA:0,(empty-report)
DA:1,0
DA:2,0
DA:3,0
DA:4,0
DA:5,0
LF:5
LH:0
BRDA:1,0,0,0
BRF:1
BRH:0
end_of_record
TN:
SF:src/algorithm-preset/dto/algorithm-preset.dto.ts
FN:3,<instance_members_initializer>
FN:18,<instance_members_initializer>
FNF:2
FNH:0
FNDA:0,<instance_members_initializer>
FNDA:0,<instance_members_initializer>
DA:1,1
DA:3,1
DA:5,0
DA:6,0
DA:8,0
DA:11,0
DA:12,0
DA:13,0
DA:15,0
DA:16,0
DA:18,1
DA:20,0
DA:21,0
DA:23,0
DA:26,0
DA:27,0
DA:29,0
DA:32,0
DA:33,0
DA:35,0
DA:38,0
DA:39,0
DA:41,0
DA:44,0
DA:45,0
DA:46,0
DA:47,0
DA:48,0
DA:50,0
DA:53,0
DA:54,0
DA:55,0
DA:56,0
DA:57,0
DA:59,0
DA:62,0
DA:63,0
DA:65,0
DA:68,0
DA:69,0
DA:71,0
DA:72,0
LF:42
LH:3
BRDA:3,0,0,0
BRDA:18,1,0,0
BRF:2
BRH:0
end_of_record
TN:
SF:src/algorithm-preset/dto/create-algorithm-preset.dto.ts
FN:5,<instance_members_initializer>
FN:22,<instance_members_initializer>
FNF:2
FNH:2
FNDA:13,<instance_members_initializer>
FNDA:20,<instance_members_initializer>
DA:1,1
DA:2,1
DA:3,1
DA:5,1
DA:7,13
DA:8,13
DA:12,13
DA:15,13
DA:16,13
DA:19,13
DA:20,13
DA:22,1
DA:24,20
DA:25,20
DA:29,20
DA:32,20
DA:33,20
DA:37,20
DA:40,20
DA:41,20
DA:42,20
DA:46,20
DA:47,20
DA:48,20
DA:51,20
DA:52,20
DA:53,20
DA:54,20
DA:55,20
DA:61,20
DA:64,20
DA:65,20
DA:66,20
DA:67,20
DA:68,20
DA:74,20
DA:75,20
LF:37
LH:37
BRDA:5,0,0,13
BRDA:22,1,0,20
BRDA:47,2,0,11
BRF:3
BRH:3
end_of_record
TN:
SF:src/algorithm-preset/dto/index.ts
FNF:0
FNH:0
DA:1,1
DA:2,1
DA:3,1
DA:4,1
LF:4
LH:4
BRF:0
BRH:0
end_of_record
TN:
SF:src/algorithm-preset/dto/list-algorithm-presets-query.dto.ts
FN:5,<instance_members_initializer>
FNF:1
FNH:1
FNDA:7,<instance_members_initializer>
DA:1,1
DA:2,1
DA:3,1
DA:5,1
DA:7,7
DA:8,7
DA:12,7
DA:15,7
DA:16,7
DA:20,7
DA:21,7
LF:11
LH:11
BRDA:5,0,0,7
BRF:1
BRH:1
end_of_record
TN:
SF:src/algorithm-preset/dto/update-algorithm-preset.dto.ts
FNF:0
FNH:0
DA:1,1
DA:2,1
DA:4,1
DA:5,1
DA:6,1
LF:5
LH:5
BRF:0
BRH:0
end_of_record
TN:
SF:src/config/index.ts
FNF:0
FNH:0
DA:1,1
DA:2,1
DA:3,1
DA:4,1
DA:6,1
DA:8,1
DA:9,1
DA:10,1
DA:11,1
DA:12,1
LF:10
LH:10
BRF:0
BRH:0
end_of_record
TN:
SF:src/docs/index.ts
FN:1,(empty-report)
FNF:1
FNH:1
FNDA:1,(empty-report)
DA:2,0
DA:3,0
DA:5,0
DA:12,0
DA:13,0
DA:14,0
DA:15,0
DA:16,0
DA:17,0
DA:18,0
DA:20,0
DA:22,0
DA:24,0
DA:25,0
DA:26,0
DA:27,0
DA:28,0
DA:30,0
LF:18
LH:0
BRDA:1,0,0,1
BRF:1
BRH:1
end_of_record
TN:
SF:src/shared/index.ts
FN:1,(empty-report)
FNF:1
FNH:0
FNDA:0,(empty-report)
DA:1,0
DA:2,0
DA:3,0
DA:4,0
DA:5,0
DA:6,0
LF:6
LH:0
BRDA:1,0,0,0
BRF:1
BRH:0
end_of_record
TN:
SF:src/shared/constants/swagger.constants.ts
FN:1,(empty-report)
FNF:1
FNH:0
FNDA:0,(empty-report)
DA:1,0
DA:2,0
DA:3,0
DA:4,0
LF:4
LH:0
BRDA:1,0,0,0
BRF:1
BRH:0
end_of_record
TN:
SF:src/shared/dto/index.ts
FNF:0
FNH:0
DA:1,1
DA:2,1
LF:2
LH:2
BRF:0
BRH:0
end_of_record
TN:
SF:src/shared/dto/pagination-query.dto.ts
FN:5,<instance_members_initializer>
FNF:1
FNH:1
FNDA:20,<instance_members_initializer>
DA:1,1
DA:2,1
DA:3,1
DA:5,1
DA:7,20
DA:8,20
DA:9,20
DA:13,20
DA:16,20
DA:17,20
DA:21,20
DA:24,20
DA:25,20
DA:26,20
DA:27,20
DA:29,20
DA:33,20
DA:36,20
DA:37,20
DA:38,20
DA:39,20
DA:41,20
DA:45,20
DA:46,20
LF:24
LH:24
BRDA:5,0,0,20
BRDA:29,1,0,1
BRDA:41,2,0,1
BRF:3
BRH:3
end_of_record
TN:
SF:src/shared/dto/pagination.dto.ts
FN:3,<instance_members_initializer>
FNF:1
FNH:0
FNDA:0,<instance_members_initializer>
DA:1,1
DA:3,1
DA:5,0
DA:6,0
DA:8,0
DA:11,0
DA:12,0
DA:14,0
DA:17,0
DA:18,0
DA:20,0
DA:23,0
DA:24,0
DA:26,0
DA:29,0
DA:30,0
DA:32,0
DA:33,0
LF:18
LH:2
BRDA:3,0,0,0
BRF:1
BRH:0
end_of_record
TN:
SF:src/shared/exceptions/error-helpers.ts
FN:8,throwInvalidIdError
FN:18,throwNotFoundError
FNF:2
FNH:1
FNDA:0,throwInvalidIdError
FNDA:8,throwNotFoundError
DA:1,1
DA:3,1
DA:7,1
DA:8,1
DA:9,0
DA:10,0
DA:11,0
DA:13,1
DA:17,1
DA:18,1
DA:19,8
DA:20,8
LF:12
LH:9
BRDA:18,0,0,8
BRF:1
BRH:1
end_of_record
TN:
SF:src/shared/exceptions/index.ts
FNF:0
FNH:0
DA:1,1
DA:2,1
LF:2
LH:2
BRF:0
BRH:0
end_of_record
TN:
SF:src/shared/exceptions/invalid-id.exception.ts
FN:7,InvalidIdException
FNF:1
FNH:0
FNDA:0,InvalidIdException
DA:1,1
DA:3,1
DA:5,1
DA:6,1
DA:7,1
DA:8,0
DA:9,0
DA:10,0
DA:11,1
LF:9
LH:6
BRF:0
BRH:0
end_of_record
TN:
SF:src/shared/filters/http-exception.filter.ts
FN:1,(empty-report)
FNF:1
FNH:0
FNDA:0,(empty-report)
DA:1,0
DA:5,0
DA:6,0
DA:7,0
DA:8,0
DA:9,0
DA:10,0
DA:11,0
DA:12,0
DA:13,0
DA:14,0
DA:15,0
DA:16,0
DA:18,0
DA:19,0
DA:20,0
DA:21,0
DA:22,0
DA:23,0
DA:24,0
DA:25,0
DA:26,0
DA:27,0
DA:28,0
DA:29,0
DA:30,0
DA:31,0
DA:33,0
DA:34,0
DA:36,0
DA:37,0
DA:38,0
DA:39,0
DA:40,0
DA:41,0
DA:42,0
DA:43,0
DA:44,0
DA:45,0
DA:46,0
DA:47,0
DA:48,0
DA:49,0
DA:50,0
DA:52,0
DA:53,0
DA:54,0
DA:55,0
DA:56,0
DA:57,0
DA:58,0
DA:59,0
LF:52
LH:0
BRDA:1,0,0,0
BRF:1
BRH:0
end_of_record
TN:
SF:src/shared/pipes/index.ts
FNF:0
FNH:0
DA:1,1
LF:1
LH:1
BRF:0
BRH:0
end_of_record
TN:
SF:src/shared/pipes/parse-objectid.pipe.ts
FN:18,transform
FNF:1
FNH:1
FNDA:26,transform
DA:1,1
DA:2,1
DA:17,1
DA:18,1
DA:19,26
DA:20,5
DA:21,5
DA:22,5
DA:23,21
DA:24,21
DA:25,1
LF:11
LH:11
BRDA:18,0,0,26
BRDA:19,1,0,5
BRDA:20,2,0,0
BRDA:22,3,0,21
BRF:4
BRH:3
end_of_record
TN:
SF:src/shared/utils/index.ts
FNF:0
FNH:0
DA:1,1
LF:1
LH:1
BRF:0
BRH:0
end_of_record
TN:
SF:src/shared/utils/pick.util.ts
FN:1,pick
FNF:1
FNH:1
FNDA:38,pick
DA:1,1
DA:2,38
DA:3,38
DA:4,107
DA:5,14
DA:6,14
DA:7,107
DA:8,107
DA:9,38
DA:11,38
LF:10
LH:10
BRDA:1,0,0,38
BRDA:3,1,0,107
BRDA:4,2,0,14
BRF:3
BRH:3
end_of_record
TN:
SF:src/snapshot/index.ts
FN:1,(empty-report)
FNF:1
FNH:0
FNDA:0,(empty-report)
DA:1,0
DA:2,0
DA:3,0
DA:4,0
DA:5,0
LF:5
LH:0
BRDA:1,0,0,0
BRF:1
BRH:0
end_of_record
TN:
SF:src/snapshot/snapshot.controller.ts
FN:22,<instance_members_initializer>
FN:23,SnapshotController
FN:38,create
FN:55,list
FN:79,getById
FN:103,deleteById
FNF:6
FNH:6
FNDA:9,<instance_members_initializer>
FNDA:9,SnapshotController
FNDA:2,create
FNDA:12,list
FNDA:3,getById
FNDA:3,deleteById
DA:1,1
DA:2,1
DA:14,1
DA:15,1
DA:16,1
DA:17,1
DA:22,1
DA:23,9
DA:27,9
DA:28,9
DA:30,9
DA:32,9
DA:33,9
DA:36,9
DA:38,9
DA:39,2
DA:40,2
DA:44,9
DA:45,9
DA:46,9
DA:49,9
DA:50,9
DA:53,9
DA:55,9
DA:56,12
DA:57,12
DA:61,9
DA:62,9
DA:65,9
DA:66,9
DA:67,9
DA:70,9
DA:71,9
DA:74,9
DA:77,9
DA:79,9
DA:80,3
DA:81,3
DA:84,9
DA:86,9
DA:87,9
DA:90,9
DA:91,9
DA:92,9
DA:95,9
DA:98,9
DA:101,9
DA:103,9
DA:104,3
DA:105,3
DA:106,9
LF:51
LH:51
BRDA:22,0,0,9
BRDA:23,1,0,9
BRDA:38,2,0,2
BRDA:55,3,0,12
BRDA:79,4,0,3
BRDA:103,5,0,3
BRF:6
BRH:6
end_of_record
TN:
SF:src/snapshot/snapshot.module.ts
FNF:0
FNH:0
DA:1,1
DA:2,1
DA:3,1
DA:4,1
DA:5,1
DA:6,1
DA:7,1
DA:10,1
DA:11,1
DA:12,1
DA:13,1
DA:14,1
DA:15,1
DA:16,1
DA:17,1
DA:18,1
DA:19,1
DA:20,1
DA:21,1
DA:22,1
DA:24,1
LF:21
LH:21
BRF:0
BRH:0
end_of_record
TN:
SF:src/snapshot/snapshot.repository.ts
FN:9,<instance_members_initializer>
FN:10,SnapshotRepository
FN:15,create
FN:19,findAll
FN:23,findById
FN:27,deleteById
FNF:6
FNH:6
FNDA:9,<instance_members_initializer>
FNDA:9,SnapshotRepository
FNDA:1,create
FNDA:12,findAll
FNDA:3,findById
FNDA:3,deleteById
DA:1,1
DA:2,1
DA:4,1
DA:9,1
DA:10,9
DA:11,9
DA:12,9
DA:13,9
DA:15,9
DA:16,1
DA:17,1
DA:19,9
DA:20,12
DA:21,12
DA:23,9
DA:24,3
DA:25,3
DA:27,9
DA:28,3
DA:29,3
DA:30,9
LF:21
LH:21
BRDA:9,0,0,9
BRDA:10,1,0,9
BRDA:15,2,0,1
BRDA:19,3,0,12
BRDA:23,4,0,3
BRDA:27,5,0,3
BRF:6
BRH:6
end_of_record
TN:
SF:src/snapshot/snapshot.service.ts
FN:12,<instance_members_initializer>
FN:13,SnapshotService
FN:18,create
FN:27,list
FN:47,getById
FN:55,deleteById
FNF:6
FNH:6
FNDA:9,<instance_members_initializer>
FNDA:9,SnapshotService
FNDA:2,create
FNDA:12,list
FNDA:3,getById
FNDA:3,deleteById
DA:1,1
DA:3,1
DA:5,1
DA:6,1
DA:7,1
DA:9,1
DA:12,1
DA:13,9
DA:14,9
DA:15,9
DA:16,9
DA:18,9
DA:19,2
DA:20,2
DA:21,1
DA:22,1
DA:24,1
DA:25,1
DA:27,9
DA:28,12
DA:29,12
DA:31,12
DA:32,2
DA:33,2
DA:34,2
DA:36,2
DA:37,2
DA:38,2
DA:39,2
DA:41,2
DA:42,2
DA:43,2
DA:44,12
DA:45,12
DA:47,9
DA:48,3
DA:49,3
DA:50,2
DA:51,2
DA:52,1
DA:53,1
DA:55,9
DA:56,3
DA:57,3
DA:58,1
DA:59,1
DA:60,3
DA:61,9
LF:48
LH:48
BRDA:12,0,0,9
BRDA:13,1,0,9
BRDA:18,2,0,2
BRDA:20,3,0,1
BRDA:27,4,0,12
BRDA:31,5,0,11
BRDA:31,6,0,2
BRDA:33,7,0,1
BRDA:34,8,0,1
BRDA:41,9,0,2
BRDA:47,10,0,3
BRDA:49,11,0,2
BRDA:51,12,0,1
BRDA:55,13,0,3
BRDA:57,14,0,1
BRF:15
BRH:15
end_of_record
TN:
SF:src/snapshot/dto/create-snapshot.dto.ts
FN:5,<instance_members_initializer>
FN:31,<instance_members_initializer>
FNF:2
FNH:1
FNDA:0,<instance_members_initializer>
FNDA:4,<instance_members_initializer>
DA:1,1
DA:2,1
DA:3,1
DA:5,1
DA:7,0
DA:8,0
DA:12,0
DA:15,0
DA:16,0
DA:20,0
DA:23,0
DA:24,0
DA:28,0
DA:29,0
DA:31,1
DA:33,4
DA:34,4
DA:38,4
DA:41,4
DA:42,4
DA:45,4
DA:47,4
DA:50,4
DA:51,4
DA:54,4
DA:55,4
LF:26
LH:16
BRDA:5,0,0,0
BRDA:31,1,0,4
BRF:2
BRH:1
end_of_record
TN:
SF:src/snapshot/dto/index.ts
FNF:0
FNH:0
DA:1,1
DA:2,1
DA:3,1
LF:3
LH:3
BRF:0
BRH:0
end_of_record
TN:
SF:src/snapshot/dto/list-snapshots-query.dto.ts
FN:6,<instance_members_initializer>
FNF:1
FNH:1
FNDA:13,<instance_members_initializer>
DA:1,1
DA:2,1
DA:3,1
DA:4,1
DA:6,1
DA:8,13
DA:9,13
DA:10,13
DA:14,13
DA:17,13
DA:18,13
DA:22,13
DA:25,13
DA:26,13
DA:30,13
DA:33,13
DA:34,13
DA:38,13
DA:39,13
LF:19
LH:19
BRDA:6,0,0,13
BRF:1
BRH:1
end_of_record
TN:
SF:src/snapshot/dto/snapshot.dto.ts
FN:4,<instance_members_initializer>
FN:24,<instance_members_initializer>
FNF:2
FNH:0
FNDA:0,<instance_members_initializer>
FNDA:0,<instance_members_initializer>
DA:1,1
DA:2,1
DA:4,1
DA:6,0
DA:7,0
DA:9,0
DA:12,0
DA:13,0
DA:15,0
DA:18,0
DA:19,0
DA:21,0
DA:22,0
DA:24,1
DA:26,0
DA:27,0
DA:29,0
DA:32,0
DA:33,0
DA:34,0
DA:36,0
DA:39,0
DA:40,0
DA:42,0
DA:45,0
DA:46,0
DA:48,0
DA:51,0
DA:52,0
DA:54,0
DA:57,0
DA:58,0
DA:60,0
DA:63,0
DA:64,0
DA:66,0
DA:67,0
LF:37
LH:4
BRDA:4,0,0,0
BRDA:24,1,0,0
BRF:2
BRH:0
end_of_record
